<?xml version="1.0" encoding="UTF-8"?>
<coverage generated="1779765211686" clover="3.2.0">
  <project timestamp="1779765211687" name="All files">
    <metrics statements="0" coveredstatements="0" conditionals="0" coveredconditionals="0" methods="0" coveredmethods="0" elements="0" coveredelements="0" complexity="0" loc="0" ncloc="0" packages="1" files="2" classes="2"/>
    <file name="BaseButton.vue" path="/home/chetan/Personal-Projects/MedicalApp/frontend/src/components/common/BaseButton.vue">
      <metrics statements="0" coveredstatements="0" conditionals="0" coveredconditionals="0" methods="0" coveredmethods="0"/>
    </file>
    <file name="BaseInput.vue" path="/home/chetan/Personal-Projects/MedicalApp/frontend/src/components/common/BaseInput.vue">
      <metrics statements="0" coveredstatements="0" conditionals="0" coveredconditionals="0" methods="0" coveredmethods="0"/>
    </file>
  </project>
</coverage>
