{"/home/chetan/Personal-Projects/MedicalApp/frontend/src/components/common/BaseButton.vue": {"path":"/home/chetan/Personal-Projects/MedicalApp/frontend/src/components/common/BaseButton.vue","statementMap":{},"fnMap":{},"branchMap":{},"s":{},"f":{},"b":{},"_coverageSchema":"1a1c01bbd47fc00a2c39e90264f33305004495a9","hash":"641066e7e6124ac6afe23274469290834bb30973"}
,"/home/chetan/Personal-Projects/MedicalApp/frontend/src/components/common/BaseInput.vue": {"path":"/home/chetan/Personal-Projects/MedicalApp/frontend/src/components/common/BaseInput.vue","statementMap":{},"fnMap":{},"branchMap":{},"s":{},"f":{},"b":{},"_coverageSchema":"1a1c01bbd47fc00a2c39e90264f33305004495a9","hash":"9df256287ac0b81220a4c4042e52076051147930"}
}
