{"/home/chetan/Personal-Projects/MedicalApp/backend/server/app.js": {"path":"/home/chetan/Personal-Projects/MedicalApp/backend/server/app.js","statementMap":{"0":{"start":{"line":15,"column":12},"end":{"line":15,"column":21}},"1":{"start":{"line":18,"column":0},"end":{"line":23,"column":2}},"2":{"start":{"line":24,"column":0},"end":{"line":24,"column":24}},"3":{"start":{"line":25,"column":0},"end":{"line":25,"column":48}},"4":{"start":{"line":26,"column":0},"end":{"line":26,"column":24}},"5":{"start":{"line":29,"column":0},"end":{"line":39,"column":3}},"6":{"start":{"line":31,"column":4},"end":{"line":32,"column":66}},"7":{"start":{"line":34,"column":2},"end":{"line":36,"column":3}},"8":{"start":{"line":35,"column":4},"end":{"line":35,"column":18}},"9":{"start":{"line":38,"column":2},"end":{"line":38,"column":35}},"10":{"start":{"line":42,"column":0},"end":{"line":42,"column":33}},"11":{"start":{"line":43,"column":0},"end":{"line":43,"column":38}},"12":{"start":{"line":44,"column":0},"end":{"line":44,"column":34}},"13":{"start":{"line":45,"column":0},"end":{"line":45,"column":42}},"14":{"start":{"line":46,"column":0},"end":{"line":46,"column":48}},"15":{"start":{"line":47,"column":0},"end":{"line":47,"column":40}},"16":{"start":{"line":48,"column":0},"end":{"line":48,"column":50}},"17":{"start":{"line":51,"column":0},"end":{"line":53,"column":3}},"18":{"start":{"line":52,"column":2},"end":{"line":52,"column":68}},"19":{"start":{"line":56,"column":0},"end":{"line":61,"column":3}},"20":{"start":{"line":57,"column":2},"end":{"line":57,"column":47}},"21":{"start":{"line":58,"column":2},"end":{"line":60,"column":5}}},"fnMap":{"0":{"name":"(anonymous_0)","decl":{"start":{"line":29,"column":16},"end":{"line":29,"column":17}},"loc":{"start":{"line":29,"column":36},"end":{"line":39,"column":1}},"line":29},"1":{"name":"(anonymous_1)","decl":{"start":{"line":51,"column":13},"end":{"line":51,"column":14}},"loc":{"start":{"line":51,"column":27},"end":{"line":53,"column":1}},"line":51},"2":{"name":"(anonymous_2)","decl":{"start":{"line":56,"column":8},"end":{"line":56,"column":9}},"loc":{"start":{"line":56,"column":33},"end":{"line":61,"column":1}},"line":56}},"branchMap":{"0":{"loc":{"start":{"line":31,"column":4},"end":{"line":32,"column":66}},"type":"binary-expr","locations":[{"start":{"line":31,"column":5},"end":{"line":31,"column":31}},{"start":{"line":31,"column":35},"end":{"line":31,"column":56}},{"start":{"line":32,"column":5},"end":{"line":32,"column":41}},{"start":{"line":32,"column":45},"end":{"line":32,"column":65}}],"line":31},"1":{"loc":{"start":{"line":34,"column":2},"end":{"line":36,"column":3}},"type":"if","locations":[{"start":{"line":34,"column":2},"end":{"line":36,"column":3}},{"start":{},"end":{}}],"line":34},"2":{"loc":{"start":{"line":58,"column":13},"end":{"line":58,"column":30}},"type":"binary-expr","locations":[{"start":{"line":58,"column":13},"end":{"line":58,"column":23}},{"start":{"line":58,"column":27},"end":{"line":58,"column":30}}],"line":58},"3":{"loc":{"start":{"line":59,"column":13},"end":{"line":59,"column":65}},"type":"binary-expr","locations":[{"start":{"line":59,"column":13},"end":{"line":59,"column":24}},{"start":{"line":59,"column":28},"end":{"line":59,"column":65}}],"line":59}},"s":{"0":1,"1":1,"2":1,"3":1,"4":1,"5":1,"6":81,"7":81,"8":11,"9":70,"10":1,"11":1,"12":1,"13":1,"14":1,"15":1,"16":1,"17":1,"18":0,"19":1,"20":0,"21":0},"f":{"0":81,"1":0,"2":0},"b":{"0":[81,10,71,4],"1":[11,70],"2":[0,0],"3":[0,0]},"inputSourceMap":null,"_coverageSchema":"1a1c01bbd47fc00a2c39e90264f33305004495a9","hash":"ad9b6ca5b80d4d5a34dfea2c8e79292419e0687b"}
,"/home/chetan/Personal-Projects/MedicalApp/backend/server/controllers/appointment.controller.js": {"path":"/home/chetan/Personal-Projects/MedicalApp/backend/server/controllers/appointment.controller.js","statementMap":{"0":{"start":{"line":8,"column":19},"end":{"line":13,"column":1}},"1":{"start":{"line":9,"column":24},"end":{"line":9,"column":54}},"2":{"start":{"line":10,"column":19},"end":{"line":10,"column":29}},"3":{"start":{"line":11,"column":2},"end":{"line":11,"column":51}},"4":{"start":{"line":12,"column":2},"end":{"line":12,"column":109}},"5":{"start":{"line":16,"column":23},"end":{"line":18,"column":1}},"6":{"start":{"line":17,"column":2},"end":{"line":17,"column":47}},"7":{"start":{"line":21,"column":30},"end":{"line":107,"column":1}},"8":{"start":{"line":22,"column":21},"end":{"line":22,"column":35}},"9":{"start":{"line":23,"column":26},"end":{"line":23,"column":67}},"10":{"start":{"line":24,"column":24},"end":{"line":24,"column":70}},"11":{"start":{"line":27,"column":19},"end":{"line":27,"column":55}},"12":{"start":{"line":28,"column":2},"end":{"line":30,"column":3}},"13":{"start":{"line":29,"column":4},"end":{"line":29,"column":66}},"14":{"start":{"line":33,"column":2},"end":{"line":35,"column":3}},"15":{"start":{"line":34,"column":4},"end":{"line":34,"column":69}},"16":{"start":{"line":38,"column":20},"end":{"line":45,"column":4}},"17":{"start":{"line":39,"column":24},"end":{"line":39,"column":40}},"18":{"start":{"line":40,"column":4},"end":{"line":44,"column":6}},"19":{"start":{"line":46,"column":2},"end":{"line":48,"column":3}},"20":{"start":{"line":47,"column":4},"end":{"line":47,"column":64}},"21":{"start":{"line":51,"column":20},"end":{"line":57,"column":4}},"22":{"start":{"line":52,"column":18},"end":{"line":52,"column":39}},"23":{"start":{"line":53,"column":4},"end":{"line":53,"column":28}},"24":{"start":{"line":54,"column":16},"end":{"line":54,"column":35}},"25":{"start":{"line":55,"column":4},"end":{"line":55,"column":31}},"26":{"start":{"line":56,"column":4},"end":{"line":56,"column":62}},"27":{"start":{"line":58,"column":2},"end":{"line":60,"column":3}},"28":{"start":{"line":59,"column":4},"end":{"line":59,"column":63}},"29":{"start":{"line":63,"column":20},"end":{"line":63,"column":44}},"30":{"start":{"line":64,"column":22},"end":{"line":64,"column":88}},"31":{"start":{"line":64,"column":62},"end":{"line":64,"column":87}},"32":{"start":{"line":65,"column":2},"end":{"line":67,"column":3}},"33":{"start":{"line":66,"column":4},"end":{"line":66,"column":71}},"34":{"start":{"line":69,"column":23},"end":{"line":69,"column":44}},"35":{"start":{"line":70,"column":18},"end":{"line":70,"column":53}},"36":{"start":{"line":73,"column":24},"end":{"line":75,"column":4}},"37":{"start":{"line":74,"column":4},"end":{"line":74,"column":96}},"38":{"start":{"line":77,"column":2},"end":{"line":79,"column":3}},"39":{"start":{"line":78,"column":4},"end":{"line":78,"column":102}},"40":{"start":{"line":82,"column":25},"end":{"line":100,"column":4}},"41":{"start":{"line":102,"column":2},"end":{"line":104,"column":3}},"42":{"start":{"line":103,"column":4},"end":{"line":103,"column":64}},"43":{"start":{"line":106,"column":2},"end":{"line":106,"column":35}},"44":{"start":{"line":112,"column":33},"end":{"line":168,"column":1}},"45":{"start":{"line":113,"column":2},"end":{"line":167,"column":3}},"46":{"start":{"line":114,"column":49},"end":{"line":114,"column":57}},"47":{"start":{"line":115,"column":27},"end":{"line":115,"column":60}},"48":{"start":{"line":117,"column":4},"end":{"line":119,"column":5}},"49":{"start":{"line":118,"column":6},"end":{"line":118,"column":120}},"50":{"start":{"line":123,"column":4},"end":{"line":131,"column":5}},"51":{"start":{"line":124,"column":6},"end":{"line":124,"column":31}},"52":{"start":{"line":127,"column":6},"end":{"line":127,"column":37}},"53":{"start":{"line":128,"column":6},"end":{"line":130,"column":7}},"54":{"start":{"line":129,"column":8},"end":{"line":129,"column":110}},"55":{"start":{"line":135,"column":4},"end":{"line":139,"column":5}},"56":{"start":{"line":136,"column":6},"end":{"line":136,"column":93}},"57":{"start":{"line":138,"column":6},"end":{"line":138,"column":60}},"58":{"start":{"line":141,"column":31},"end":{"line":141,"column":76}},"59":{"start":{"line":143,"column":24},"end":{"line":152,"column":6}},"60":{"start":{"line":155,"column":24},"end":{"line":155,"column":54}},"61":{"start":{"line":156,"column":23},"end":{"line":156,"column":52}},"62":{"start":{"line":157,"column":19},"end":{"line":157,"column":56}},"63":{"start":{"line":159,"column":4},"end":{"line":161,"column":5}},"64":{"start":{"line":160,"column":6},"end":{"line":160,"column":93}},"65":{"start":{"line":163,"column":4},"end":{"line":163,"column":86}},"66":{"start":{"line":165,"column":4},"end":{"line":165,"column":52}},"67":{"start":{"line":166,"column":4},"end":{"line":166,"column":92}},"68":{"start":{"line":173,"column":31},"end":{"line":216,"column":1}},"69":{"start":{"line":174,"column":2},"end":{"line":215,"column":3}},"70":{"start":{"line":175,"column":18},"end":{"line":175,"column":20}},"71":{"start":{"line":178,"column":4},"end":{"line":190,"column":5}},"72":{"start":{"line":179,"column":6},"end":{"line":179,"column":37}},"73":{"start":{"line":180,"column":11},"end":{"line":190,"column":5}},"74":{"start":{"line":181,"column":6},"end":{"line":181,"column":36}},"75":{"start":{"line":182,"column":6},"end":{"line":182,"column":36}},"76":{"start":{"line":183,"column":11},"end":{"line":190,"column":5}},"77":{"start":{"line":184,"column":6},"end":{"line":184,"column":36}},"78":{"start":{"line":185,"column":11},"end":{"line":190,"column":5}},"79":{"start":{"line":187,"column":6},"end":{"line":189,"column":7}},"80":{"start":{"line":188,"column":8},"end":{"line":188,"column":44}},"81":{"start":{"line":193,"column":4},"end":{"line":198,"column":5}},"82":{"start":{"line":194,"column":21},"end":{"line":194,"column":45}},"83":{"start":{"line":195,"column":20},"end":{"line":195,"column":57}},"84":{"start":{"line":196,"column":18},"end":{"line":196,"column":60}},"85":{"start":{"line":197,"column":6},"end":{"line":197,"column":46}},"86":{"start":{"line":201,"column":4},"end":{"line":203,"column":5}},"87":{"start":{"line":202,"column":6},"end":{"line":202,"column":38}},"88":{"start":{"line":205,"column":25},"end":{"line":209,"column":38}},"89":{"start":{"line":211,"column":4},"end":{"line":211,"column":31}},"90":{"start":{"line":213,"column":4},"end":{"line":213,"column":52}},"91":{"start":{"line":214,"column":4},"end":{"line":214,"column":70}},"92":{"start":{"line":221,"column":33},"end":{"line":264,"column":1}},"93":{"start":{"line":222,"column":2},"end":{"line":263,"column":3}},"94":{"start":{"line":223,"column":16},"end":{"line":223,"column":68}},"95":{"start":{"line":224,"column":4},"end":{"line":226,"column":5}},"96":{"start":{"line":225,"column":6},"end":{"line":225,"column":72}},"97":{"start":{"line":229,"column":4},"end":{"line":237,"column":5}},"98":{"start":{"line":230,"column":6},"end":{"line":232,"column":7}},"99":{"start":{"line":231,"column":8},"end":{"line":231,"column":94}},"100":{"start":{"line":233,"column":11},"end":{"line":237,"column":5}},"101":{"start":{"line":234,"column":6},"end":{"line":236,"column":7}},"102":{"start":{"line":235,"column":8},"end":{"line":235,"column":101}},"103":{"start":{"line":239,"column":4},"end":{"line":241,"column":5}},"104":{"start":{"line":240,"column":6},"end":{"line":240,"column":83}},"105":{"start":{"line":243,"column":4},"end":{"line":245,"column":5}},"106":{"start":{"line":244,"column":6},"end":{"line":244,"column":88}},"107":{"start":{"line":247,"column":4},"end":{"line":247,"column":29}},"108":{"start":{"line":248,"column":4},"end":{"line":248,"column":21}},"109":{"start":{"line":251,"column":24},"end":{"line":251,"column":58}},"110":{"start":{"line":252,"column":23},"end":{"line":252,"column":56}},"111":{"start":{"line":253,"column":19},"end":{"line":253,"column":54}},"112":{"start":{"line":255,"column":4},"end":{"line":257,"column":5}},"113":{"start":{"line":256,"column":6},"end":{"line":256,"column":87}},"114":{"start":{"line":259,"column":4},"end":{"line":259,"column":82}},"115":{"start":{"line":261,"column":4},"end":{"line":261,"column":54}},"116":{"start":{"line":262,"column":4},"end":{"line":262,"column":75}},"117":{"start":{"line":269,"column":37},"end":{"line":326,"column":1}},"118":{"start":{"line":270,"column":2},"end":{"line":325,"column":3}},"119":{"start":{"line":271,"column":32},"end":{"line":271,"column":40}},"120":{"start":{"line":272,"column":4},"end":{"line":274,"column":5}},"121":{"start":{"line":273,"column":6},"end":{"line":273,"column":99}},"122":{"start":{"line":276,"column":16},"end":{"line":276,"column":68}},"123":{"start":{"line":277,"column":4},"end":{"line":279,"column":5}},"124":{"start":{"line":278,"column":6},"end":{"line":278,"column":72}},"125":{"start":{"line":282,"column":4},"end":{"line":290,"column":5}},"126":{"start":{"line":283,"column":6},"end":{"line":285,"column":7}},"127":{"start":{"line":284,"column":8},"end":{"line":284,"column":98}},"128":{"start":{"line":286,"column":11},"end":{"line":290,"column":5}},"129":{"start":{"line":287,"column":6},"end":{"line":289,"column":7}},"130":{"start":{"line":288,"column":8},"end":{"line":288,"column":101}},"131":{"start":{"line":292,"column":4},"end":{"line":294,"column":5}},"132":{"start":{"line":293,"column":6},"end":{"line":293,"column":96}},"133":{"start":{"line":298,"column":4},"end":{"line":302,"column":5}},"134":{"start":{"line":299,"column":6},"end":{"line":299,"column":95}},"135":{"start":{"line":301,"column":6},"end":{"line":301,"column":60}},"136":{"start":{"line":304,"column":31},"end":{"line":304,"column":76}},"137":{"start":{"line":306,"column":4},"end":{"line":306,"column":34}},"138":{"start":{"line":307,"column":4},"end":{"line":307,"column":30}},"139":{"start":{"line":308,"column":4},"end":{"line":308,"column":40}},"140":{"start":{"line":309,"column":4},"end":{"line":309,"column":29}},"141":{"start":{"line":310,"column":4},"end":{"line":310,"column":21}},"142":{"start":{"line":313,"column":24},"end":{"line":313,"column":58}},"143":{"start":{"line":314,"column":23},"end":{"line":314,"column":56}},"144":{"start":{"line":315,"column":19},"end":{"line":315,"column":54}},"145":{"start":{"line":317,"column":4},"end":{"line":319,"column":5}},"146":{"start":{"line":318,"column":6},"end":{"line":318,"column":89}},"147":{"start":{"line":321,"column":4},"end":{"line":321,"column":84}},"148":{"start":{"line":323,"column":4},"end":{"line":323,"column":58}},"149":{"start":{"line":324,"column":4},"end":{"line":324,"column":97}},"150":{"start":{"line":331,"column":34},"end":{"line":354,"column":1}},"151":{"start":{"line":332,"column":2},"end":{"line":353,"column":3}},"152":{"start":{"line":333,"column":16},"end":{"line":333,"column":68}},"153":{"start":{"line":334,"column":4},"end":{"line":336,"column":5}},"154":{"start":{"line":335,"column":6},"end":{"line":335,"column":72}},"155":{"start":{"line":338,"column":4},"end":{"line":340,"column":5}},"156":{"start":{"line":339,"column":6},"end":{"line":339,"column":99}},"157":{"start":{"line":342,"column":4},"end":{"line":344,"column":5}},"158":{"start":{"line":343,"column":6},"end":{"line":343,"column":107}},"159":{"start":{"line":346,"column":4},"end":{"line":346,"column":30}},"160":{"start":{"line":347,"column":4},"end":{"line":347,"column":21}},"161":{"start":{"line":349,"column":4},"end":{"line":349,"column":79}},"162":{"start":{"line":351,"column":4},"end":{"line":351,"column":56}},"163":{"start":{"line":352,"column":4},"end":{"line":352,"column":71}},"164":{"start":{"line":359,"column":35},"end":{"line":386,"column":1}},"165":{"start":{"line":360,"column":2},"end":{"line":385,"column":3}},"166":{"start":{"line":361,"column":16},"end":{"line":361,"column":68}},"167":{"start":{"line":362,"column":4},"end":{"line":364,"column":5}},"168":{"start":{"line":363,"column":6},"end":{"line":363,"column":72}},"169":{"start":{"line":366,"column":4},"end":{"line":368,"column":5}},"170":{"start":{"line":367,"column":6},"end":{"line":367,"column":97}},"171":{"start":{"line":370,"column":4},"end":{"line":372,"column":5}},"172":{"start":{"line":371,"column":6},"end":{"line":371,"column":104}},"173":{"start":{"line":374,"column":34},"end":{"line":374,"column":42}},"174":{"start":{"line":375,"column":4},"end":{"line":375,"column":29}},"175":{"start":{"line":376,"column":4},"end":{"line":378,"column":5}},"176":{"start":{"line":377,"column":6},"end":{"line":377,"column":36}},"177":{"start":{"line":379,"column":4},"end":{"line":379,"column":21}},"178":{"start":{"line":381,"column":4},"end":{"line":381,"column":76}},"179":{"start":{"line":383,"column":4},"end":{"line":383,"column":56}},"180":{"start":{"line":384,"column":4},"end":{"line":384,"column":73}}},"fnMap":{"0":{"name":"(anonymous_0)","decl":{"start":{"line":8,"column":19},"end":{"line":8,"column":20}},"loc":{"start":{"line":8,"column":43},"end":{"line":13,"column":1}},"line":8},"1":{"name":"(anonymous_1)","decl":{"start":{"line":16,"column":23},"end":{"line":16,"column":24}},"loc":{"start":{"line":16,"column":47},"end":{"line":18,"column":1}},"line":16},"2":{"name":"(anonymous_2)","decl":{"start":{"line":21,"column":30},"end":{"line":21,"column":31}},"loc":{"start":{"line":21,"column":77},"end":{"line":107,"column":1}},"line":21},"3":{"name":"(anonymous_3)","decl":{"start":{"line":38,"column":43},"end":{"line":38,"column":44}},"loc":{"start":{"line":38,"column":50},"end":{"line":45,"column":3}},"line":38},"4":{"name":"(anonymous_4)","decl":{"start":{"line":51,"column":41},"end":{"line":51,"column":42}},"loc":{"start":{"line":51,"column":48},"end":{"line":57,"column":3}},"line":51},"5":{"name":"(anonymous_5)","decl":{"start":{"line":64,"column":55},"end":{"line":64,"column":56}},"loc":{"start":{"line":64,"column":62},"end":{"line":64,"column":87}},"line":64},"6":{"name":"(anonymous_6)","decl":{"start":{"line":73,"column":47},"end":{"line":73,"column":48}},"loc":{"start":{"line":73,"column":58},"end":{"line":75,"column":3}},"line":73},"7":{"name":"(anonymous_7)","decl":{"start":{"line":112,"column":33},"end":{"line":112,"column":34}},"loc":{"start":{"line":112,"column":53},"end":{"line":168,"column":1}},"line":112},"8":{"name":"(anonymous_8)","decl":{"start":{"line":173,"column":31},"end":{"line":173,"column":32}},"loc":{"start":{"line":173,"column":51},"end":{"line":216,"column":1}},"line":173},"9":{"name":"(anonymous_9)","decl":{"start":{"line":221,"column":33},"end":{"line":221,"column":34}},"loc":{"start":{"line":221,"column":53},"end":{"line":264,"column":1}},"line":221},"10":{"name":"(anonymous_10)","decl":{"start":{"line":269,"column":37},"end":{"line":269,"column":38}},"loc":{"start":{"line":269,"column":57},"end":{"line":326,"column":1}},"line":269},"11":{"name":"(anonymous_11)","decl":{"start":{"line":331,"column":34},"end":{"line":331,"column":35}},"loc":{"start":{"line":331,"column":54},"end":{"line":354,"column":1}},"line":331},"12":{"name":"(anonymous_12)","decl":{"start":{"line":359,"column":35},"end":{"line":359,"column":36}},"loc":{"start":{"line":359,"column":55},"end":{"line":386,"column":1}},"line":359}},"branchMap":{"0":{"loc":{"start":{"line":28,"column":2},"end":{"line":30,"column":3}},"type":"if","locations":[{"start":{"line":28,"column":2},"end":{"line":30,"column":3}},{"start":{},"end":{}}],"line":28},"1":{"loc":{"start":{"line":33,"column":2},"end":{"line":35,"column":3}},"type":"if","locations":[{"start":{"line":33,"column":2},"end":{"line":35,"column":3}},{"start":{},"end":{}}],"line":33},"2":{"loc":{"start":{"line":41,"column":6},"end":{"line":43,"column":57}},"type":"binary-expr","locations":[{"start":{"line":41,"column":6},"end":{"line":41,"column":65}},{"start":{"line":42,"column":6},"end":{"line":42,"column":59}},{"start":{"line":43,"column":6},"end":{"line":43,"column":57}}],"line":41},"3":{"loc":{"start":{"line":46,"column":2},"end":{"line":48,"column":3}},"type":"if","locations":[{"start":{"line":46,"column":2},"end":{"line":48,"column":3}},{"start":{},"end":{}}],"line":46},"4":{"loc":{"start":{"line":56,"column":11},"end":{"line":56,"column":61}},"type":"binary-expr","locations":[{"start":{"line":56,"column":11},"end":{"line":56,"column":35}},{"start":{"line":56,"column":39},"end":{"line":56,"column":61}}],"line":56},"5":{"loc":{"start":{"line":58,"column":2},"end":{"line":60,"column":3}},"type":"if","locations":[{"start":{"line":58,"column":2},"end":{"line":60,"column":3}},{"start":{},"end":{}}],"line":58},"6":{"loc":{"start":{"line":65,"column":2},"end":{"line":67,"column":3}},"type":"if","locations":[{"start":{"line":65,"column":2},"end":{"line":67,"column":3}},{"start":{},"end":{}}],"line":65},"7":{"loc":{"start":{"line":65,"column":6},"end":{"line":65,"column":74}},"type":"binary-expr","locations":[{"start":{"line":65,"column":6},"end":{"line":65,"column":18}},{"start":{"line":65,"column":22},"end":{"line":65,"column":40}},{"start":{"line":65,"column":44},"end":{"line":65,"column":74}}],"line":65},"8":{"loc":{"start":{"line":74,"column":11},"end":{"line":74,"column":95}},"type":"binary-expr","locations":[{"start":{"line":74,"column":11},"end":{"line":74,"column":53}},{"start":{"line":74,"column":57},"end":{"line":74,"column":95}}],"line":74},"9":{"loc":{"start":{"line":77,"column":2},"end":{"line":79,"column":3}},"type":"if","locations":[{"start":{"line":77,"column":2},"end":{"line":79,"column":3}},{"start":{},"end":{}}],"line":77},"10":{"loc":{"start":{"line":102,"column":2},"end":{"line":104,"column":3}},"type":"if","locations":[{"start":{"line":102,"column":2},"end":{"line":104,"column":3}},{"start":{},"end":{}}],"line":102},"11":{"loc":{"start":{"line":115,"column":27},"end":{"line":115,"column":60}},"type":"binary-expr","locations":[{"start":{"line":115,"column":27},"end":{"line":115,"column":44}},{"start":{"line":115,"column":48},"end":{"line":115,"column":60}}],"line":115},"12":{"loc":{"start":{"line":117,"column":4},"end":{"line":119,"column":5}},"type":"if","locations":[{"start":{"line":117,"column":4},"end":{"line":119,"column":5}},{"start":{},"end":{}}],"line":117},"13":{"loc":{"start":{"line":117,"column":8},"end":{"line":117,"column":59}},"type":"binary-expr","locations":[{"start":{"line":117,"column":8},"end":{"line":117,"column":17}},{"start":{"line":117,"column":21},"end":{"line":117,"column":26}},{"start":{"line":117,"column":30},"end":{"line":117,"column":40}},{"start":{"line":117,"column":44},"end":{"line":117,"column":59}}],"line":117},"14":{"loc":{"start":{"line":123,"column":4},"end":{"line":131,"column":5}},"type":"if","locations":[{"start":{"line":123,"column":4},"end":{"line":131,"column":5}},{"start":{"line":125,"column":11},"end":{"line":131,"column":5}}],"line":123},"15":{"loc":{"start":{"line":128,"column":6},"end":{"line":130,"column":7}},"type":"if","locations":[{"start":{"line":128,"column":6},"end":{"line":130,"column":7}},{"start":{},"end":{}}],"line":128},"16":{"loc":{"start":{"line":159,"column":4},"end":{"line":161,"column":5}},"type":"if","locations":[{"start":{"line":159,"column":4},"end":{"line":161,"column":5}},{"start":{},"end":{}}],"line":159},"17":{"loc":{"start":{"line":159,"column":8},"end":{"line":159,"column":43}},"type":"binary-expr","locations":[{"start":{"line":159,"column":8},"end":{"line":159,"column":19}},{"start":{"line":159,"column":23},"end":{"line":159,"column":33}},{"start":{"line":159,"column":37},"end":{"line":159,"column":43}}],"line":159},"18":{"loc":{"start":{"line":178,"column":4},"end":{"line":190,"column":5}},"type":"if","locations":[{"start":{"line":178,"column":4},"end":{"line":190,"column":5}},{"start":{"line":180,"column":11},"end":{"line":190,"column":5}}],"line":178},"19":{"loc":{"start":{"line":180,"column":11},"end":{"line":190,"column":5}},"type":"if","locations":[{"start":{"line":180,"column":11},"end":{"line":190,"column":5}},{"start":{"line":183,"column":11},"end":{"line":190,"column":5}}],"line":180},"20":{"loc":{"start":{"line":183,"column":11},"end":{"line":190,"column":5}},"type":"if","locations":[{"start":{"line":183,"column":11},"end":{"line":190,"column":5}},{"start":{"line":185,"column":11},"end":{"line":190,"column":5}}],"line":183},"21":{"loc":{"start":{"line":185,"column":11},"end":{"line":190,"column":5}},"type":"if","locations":[{"start":{"line":185,"column":11},"end":{"line":190,"column":5}},{"start":{},"end":{}}],"line":185},"22":{"loc":{"start":{"line":187,"column":6},"end":{"line":189,"column":7}},"type":"if","locations":[{"start":{"line":187,"column":6},"end":{"line":189,"column":7}},{"start":{},"end":{}}],"line":187},"23":{"loc":{"start":{"line":193,"column":4},"end":{"line":198,"column":5}},"type":"if","locations":[{"start":{"line":193,"column":4},"end":{"line":198,"column":5}},{"start":{},"end":{}}],"line":193},"24":{"loc":{"start":{"line":201,"column":4},"end":{"line":203,"column":5}},"type":"if","locations":[{"start":{"line":201,"column":4},"end":{"line":203,"column":5}},{"start":{},"end":{}}],"line":201},"25":{"loc":{"start":{"line":224,"column":4},"end":{"line":226,"column":5}},"type":"if","locations":[{"start":{"line":224,"column":4},"end":{"line":226,"column":5}},{"start":{},"end":{}}],"line":224},"26":{"loc":{"start":{"line":229,"column":4},"end":{"line":237,"column":5}},"type":"if","locations":[{"start":{"line":229,"column":4},"end":{"line":237,"column":5}},{"start":{"line":233,"column":11},"end":{"line":237,"column":5}}],"line":229},"27":{"loc":{"start":{"line":230,"column":6},"end":{"line":232,"column":7}},"type":"if","locations":[{"start":{"line":230,"column":6},"end":{"line":232,"column":7}},{"start":{},"end":{}}],"line":230},"28":{"loc":{"start":{"line":233,"column":11},"end":{"line":237,"column":5}},"type":"if","locations":[{"start":{"line":233,"column":11},"end":{"line":237,"column":5}},{"start":{},"end":{}}],"line":233},"29":{"loc":{"start":{"line":234,"column":6},"end":{"line":236,"column":7}},"type":"if","locations":[{"start":{"line":234,"column":6},"end":{"line":236,"column":7}},{"start":{},"end":{}}],"line":234},"30":{"loc":{"start":{"line":239,"column":4},"end":{"line":241,"column":5}},"type":"if","locations":[{"start":{"line":239,"column":4},"end":{"line":241,"column":5}},{"start":{},"end":{}}],"line":239},"31":{"loc":{"start":{"line":243,"column":4},"end":{"line":245,"column":5}},"type":"if","locations":[{"start":{"line":243,"column":4},"end":{"line":245,"column":5}},{"start":{},"end":{}}],"line":243},"32":{"loc":{"start":{"line":255,"column":4},"end":{"line":257,"column":5}},"type":"if","locations":[{"start":{"line":255,"column":4},"end":{"line":257,"column":5}},{"start":{},"end":{}}],"line":255},"33":{"loc":{"start":{"line":255,"column":8},"end":{"line":255,"column":43}},"type":"binary-expr","locations":[{"start":{"line":255,"column":8},"end":{"line":255,"column":19}},{"start":{"line":255,"column":23},"end":{"line":255,"column":33}},{"start":{"line":255,"column":37},"end":{"line":255,"column":43}}],"line":255},"34":{"loc":{"start":{"line":272,"column":4},"end":{"line":274,"column":5}},"type":"if","locations":[{"start":{"line":272,"column":4},"end":{"line":274,"column":5}},{"start":{},"end":{}}],"line":272},"35":{"loc":{"start":{"line":272,"column":8},"end":{"line":272,"column":27}},"type":"binary-expr","locations":[{"start":{"line":272,"column":8},"end":{"line":272,"column":13}},{"start":{"line":272,"column":17},"end":{"line":272,"column":27}}],"line":272},"36":{"loc":{"start":{"line":277,"column":4},"end":{"line":279,"column":5}},"type":"if","locations":[{"start":{"line":277,"column":4},"end":{"line":279,"column":5}},{"start":{},"end":{}}],"line":277},"37":{"loc":{"start":{"line":282,"column":4},"end":{"line":290,"column":5}},"type":"if","locations":[{"start":{"line":282,"column":4},"end":{"line":290,"column":5}},{"start":{"line":286,"column":11},"end":{"line":290,"column":5}}],"line":282},"38":{"loc":{"start":{"line":283,"column":6},"end":{"line":285,"column":7}},"type":"if","locations":[{"start":{"line":283,"column":6},"end":{"line":285,"column":7}},{"start":{},"end":{}}],"line":283},"39":{"loc":{"start":{"line":286,"column":11},"end":{"line":290,"column":5}},"type":"if","locations":[{"start":{"line":286,"column":11},"end":{"line":290,"column":5}},{"start":{},"end":{}}],"line":286},"40":{"loc":{"start":{"line":287,"column":6},"end":{"line":289,"column":7}},"type":"if","locations":[{"start":{"line":287,"column":6},"end":{"line":289,"column":7}},{"start":{},"end":{}}],"line":287},"41":{"loc":{"start":{"line":292,"column":4},"end":{"line":294,"column":5}},"type":"if","locations":[{"start":{"line":292,"column":4},"end":{"line":294,"column":5}},{"start":{},"end":{}}],"line":292},"42":{"loc":{"start":{"line":292,"column":8},"end":{"line":292,"column":64}},"type":"binary-expr","locations":[{"start":{"line":292,"column":8},"end":{"line":292,"column":34}},{"start":{"line":292,"column":38},"end":{"line":292,"column":64}}],"line":292},"43":{"loc":{"start":{"line":317,"column":4},"end":{"line":319,"column":5}},"type":"if","locations":[{"start":{"line":317,"column":4},"end":{"line":319,"column":5}},{"start":{},"end":{}}],"line":317},"44":{"loc":{"start":{"line":317,"column":8},"end":{"line":317,"column":43}},"type":"binary-expr","locations":[{"start":{"line":317,"column":8},"end":{"line":317,"column":19}},{"start":{"line":317,"column":23},"end":{"line":317,"column":33}},{"start":{"line":317,"column":37},"end":{"line":317,"column":43}}],"line":317},"45":{"loc":{"start":{"line":334,"column":4},"end":{"line":336,"column":5}},"type":"if","locations":[{"start":{"line":334,"column":4},"end":{"line":336,"column":5}},{"start":{},"end":{}}],"line":334},"46":{"loc":{"start":{"line":338,"column":4},"end":{"line":340,"column":5}},"type":"if","locations":[{"start":{"line":338,"column":4},"end":{"line":340,"column":5}},{"start":{},"end":{}}],"line":338},"47":{"loc":{"start":{"line":342,"column":4},"end":{"line":344,"column":5}},"type":"if","locations":[{"start":{"line":342,"column":4},"end":{"line":344,"column":5}},{"start":{},"end":{}}],"line":342},"48":{"loc":{"start":{"line":342,"column":8},"end":{"line":342,"column":62}},"type":"binary-expr","locations":[{"start":{"line":342,"column":8},"end":{"line":342,"column":34}},{"start":{"line":342,"column":38},"end":{"line":342,"column":62}}],"line":342},"49":{"loc":{"start":{"line":362,"column":4},"end":{"line":364,"column":5}},"type":"if","locations":[{"start":{"line":362,"column":4},"end":{"line":364,"column":5}},{"start":{},"end":{}}],"line":362},"50":{"loc":{"start":{"line":366,"column":4},"end":{"line":368,"column":5}},"type":"if","locations":[{"start":{"line":366,"column":4},"end":{"line":368,"column":5}},{"start":{},"end":{}}],"line":366},"51":{"loc":{"start":{"line":370,"column":4},"end":{"line":372,"column":5}},"type":"if","locations":[{"start":{"line":370,"column":4},"end":{"line":372,"column":5}},{"start":{},"end":{}}],"line":370},"52":{"loc":{"start":{"line":370,"column":8},"end":{"line":370,"column":65}},"type":"binary-expr","locations":[{"start":{"line":370,"column":8},"end":{"line":370,"column":34}},{"start":{"line":370,"column":38},"end":{"line":370,"column":65}}],"line":370},"53":{"loc":{"start":{"line":376,"column":4},"end":{"line":378,"column":5}},"type":"if","locations":[{"start":{"line":376,"column":4},"end":{"line":378,"column":5}},{"start":{},"end":{}}],"line":376}},"s":{"0":1,"1":6,"2":6,"3":6,"4":6,"5":1,"6":12,"7":1,"8":9,"9":9,"10":9,"11":9,"12":9,"13":0,"14":9,"15":0,"16":9,"17":1,"18":1,"19":9,"20":1,"21":8,"22":1,"23":1,"24":1,"25":1,"26":1,"27":8,"28":1,"29":7,"30":7,"31":7,"32":7,"33":1,"34":6,"35":6,"36":6,"37":6,"38":6,"39":1,"40":5,"41":5,"42":1,"43":4,"44":1,"45":8,"46":8,"47":8,"48":8,"49":0,"50":8,"51":7,"52":1,"53":1,"54":0,"55":8,"56":8,"57":5,"58":3,"59":3,"60":3,"61":3,"62":3,"63":3,"64":3,"65":3,"66":0,"67":0,"68":1,"69":1,"70":1,"71":1,"72":1,"73":0,"74":0,"75":0,"76":0,"77":0,"78":0,"79":0,"80":0,"81":1,"82":0,"83":0,"84":0,"85":0,"86":1,"87":1,"88":1,"89":1,"90":0,"91":0,"92":1,"93":2,"94":2,"95":2,"96":0,"97":2,"98":2,"99":1,"100":0,"101":0,"102":0,"103":1,"104":0,"105":1,"106":1,"107":0,"108":0,"109":0,"110":0,"111":0,"112":0,"113":0,"114":0,"115":0,"116":0,"117":1,"118":1,"119":1,"120":1,"121":0,"122":1,"123":1,"124":0,"125":1,"126":1,"127":0,"128":0,"129":0,"130":0,"131":1,"132":0,"133":1,"134":1,"135":0,"136":1,"137":1,"138":1,"139":1,"140":1,"141":1,"142":1,"143":1,"144":1,"145":1,"146":1,"147":1,"148":0,"149":0,"150":1,"151":2,"152":2,"153":2,"154":0,"155":2,"156":0,"157":2,"158":1,"159":1,"160":1,"161":1,"162":0,"163":0,"164":1,"165":2,"166":2,"167":2,"168":0,"169":2,"170":0,"171":2,"172":1,"173":1,"174":1,"175":1,"176":1,"177":1,"178":1,"179":0,"180":0},"f":{"0":6,"1":12,"2":9,"3":1,"4":1,"5":7,"6":6,"7":8,"8":1,"9":2,"10":1,"11":2,"12":2},"b":{"0":[0,9],"1":[0,9],"2":[1,1,1],"3":[1,8],"4":[1,1],"5":[1,7],"6":[1,6],"7":[7,6,6],"8":[6,6],"9":[1,5],"10":[1,4],"11":[8,0],"12":[0,8],"13":[8,8,8,8],"14":[7,1],"15":[0,1],"16":[3,0],"17":[3,3,3],"18":[1,0],"19":[0,0],"20":[0,0],"21":[0,0],"22":[0,0],"23":[0,1],"24":[1,0],"25":[0,2],"26":[2,0],"27":[1,1],"28":[0,0],"29":[0,0],"30":[0,1],"31":[1,0],"32":[0,0],"33":[0,0,0],"34":[0,1],"35":[1,1],"36":[0,1],"37":[1,0],"38":[0,1],"39":[0,0],"40":[0,0],"41":[0,1],"42":[1,1],"43":[1,0],"44":[1,1,1],"45":[0,2],"46":[0,2],"47":[1,1],"48":[2,1],"49":[0,2],"50":[0,2],"51":[1,1],"52":[2,2],"53":[1,0]},"inputSourceMap":null,"_coverageSchema":"1a1c01bbd47fc00a2c39e90264f33305004495a9","hash":"b01a0597a6fa428324fd998104d539108279a166"}
,"/home/chetan/Personal-Projects/MedicalApp/backend/server/controllers/auth.controller.js": {"path":"/home/chetan/Personal-Projects/MedicalApp/backend/server/controllers/auth.controller.js","statementMap":{"0":{"start":{"line":7,"column":28},"end":{"line":13,"column":1}},"1":{"start":{"line":8,"column":2},"end":{"line":12,"column":4}},"2":{"start":{"line":16,"column":29},"end":{"line":22,"column":1}},"3":{"start":{"line":17,"column":2},"end":{"line":21,"column":4}},"4":{"start":{"line":27,"column":31},"end":{"line":66,"column":1}},"5":{"start":{"line":28,"column":2},"end":{"line":65,"column":3}},"6":{"start":{"line":29,"column":45},"end":{"line":29,"column":53}},"7":{"start":{"line":32,"column":23},"end":{"line":32,"column":52}},"8":{"start":{"line":33,"column":4},"end":{"line":35,"column":5}},"9":{"start":{"line":34,"column":6},"end":{"line":34,"column":86}},"10":{"start":{"line":38,"column":20},"end":{"line":38,"column":28}},"11":{"start":{"line":39,"column":22},"end":{"line":39,"column":59}},"12":{"start":{"line":42,"column":17},"end":{"line":53,"column":6}},"13":{"start":{"line":55,"column":4},"end":{"line":55,"column":70}},"14":{"start":{"line":57,"column":4},"end":{"line":61,"column":7}},"15":{"start":{"line":63,"column":4},"end":{"line":63,"column":48}},"16":{"start":{"line":64,"column":4},"end":{"line":64,"column":97}},"17":{"start":{"line":71,"column":21},"end":{"line":130,"column":1}},"18":{"start":{"line":72,"column":2},"end":{"line":129,"column":3}},"19":{"start":{"line":73,"column":32},"end":{"line":73,"column":40}},"20":{"start":{"line":76,"column":4},"end":{"line":78,"column":5}},"21":{"start":{"line":77,"column":6},"end":{"line":77,"column":84}},"22":{"start":{"line":81,"column":17},"end":{"line":81,"column":66}},"23":{"start":{"line":82,"column":4},"end":{"line":84,"column":5}},"24":{"start":{"line":83,"column":6},"end":{"line":83,"column":70}},"25":{"start":{"line":87,"column":4},"end":{"line":89,"column":5}},"26":{"start":{"line":88,"column":6},"end":{"line":88,"column":130}},"27":{"start":{"line":91,"column":4},"end":{"line":93,"column":5}},"28":{"start":{"line":92,"column":6},"end":{"line":92,"column":112}},"29":{"start":{"line":96,"column":20},"end":{"line":96,"column":54}},"30":{"start":{"line":97,"column":4},"end":{"line":99,"column":5}},"31":{"start":{"line":98,"column":6},"end":{"line":98,"column":70}},"32":{"start":{"line":102,"column":24},"end":{"line":102,"column":53}},"33":{"start":{"line":103,"column":25},"end":{"line":103,"column":55}},"34":{"start":{"line":106,"column":4},"end":{"line":111,"column":7}},"35":{"start":{"line":113,"column":4},"end":{"line":125,"column":7}},"36":{"start":{"line":127,"column":4},"end":{"line":127,"column":41}},"37":{"start":{"line":128,"column":4},"end":{"line":128,"column":90}},"38":{"start":{"line":135,"column":23},"end":{"line":190,"column":1}},"39":{"start":{"line":136,"column":2},"end":{"line":189,"column":3}},"40":{"start":{"line":137,"column":25},"end":{"line":137,"column":49}},"41":{"start":{"line":139,"column":4},"end":{"line":141,"column":5}},"42":{"start":{"line":140,"column":6},"end":{"line":140,"column":74}},"43":{"start":{"line":145,"column":4},"end":{"line":149,"column":5}},"44":{"start":{"line":146,"column":6},"end":{"line":146,"column":110}},"45":{"start":{"line":148,"column":6},"end":{"line":148,"column":83}},"46":{"start":{"line":152,"column":17},"end":{"line":152,"column":48}},"47":{"start":{"line":153,"column":4},"end":{"line":155,"column":5}},"48":{"start":{"line":154,"column":6},"end":{"line":154,"column":65}},"49":{"start":{"line":157,"column":4},"end":{"line":159,"column":5}},"50":{"start":{"line":158,"column":6},"end":{"line":158,"column":76}},"51":{"start":{"line":162,"column":24},"end":{"line":162,"column":53}},"52":{"start":{"line":163,"column":28},"end":{"line":163,"column":58}},"53":{"start":{"line":166,"column":4},"end":{"line":171,"column":7}},"54":{"start":{"line":173,"column":4},"end":{"line":185,"column":7}},"55":{"start":{"line":187,"column":4},"end":{"line":187,"column":49}},"56":{"start":{"line":188,"column":4},"end":{"line":188,"column":95}},"57":{"start":{"line":195,"column":22},"end":{"line":207,"column":1}},"58":{"start":{"line":196,"column":2},"end":{"line":206,"column":3}},"59":{"start":{"line":197,"column":4},"end":{"line":201,"column":7}},"60":{"start":{"line":202,"column":4},"end":{"line":202,"column":53}},"61":{"start":{"line":204,"column":4},"end":{"line":204,"column":42}},"62":{"start":{"line":205,"column":4},"end":{"line":205,"column":69}},"63":{"start":{"line":214,"column":21},"end":{"line":232,"column":1}},"64":{"start":{"line":215,"column":2},"end":{"line":231,"column":3}},"65":{"start":{"line":216,"column":4},"end":{"line":227,"column":7}},"66":{"start":{"line":229,"column":4},"end":{"line":229,"column":47}},"67":{"start":{"line":230,"column":4},"end":{"line":230,"column":71}},"68":{"start":{"line":237,"column":31},"end":{"line":306,"column":1}},"69":{"start":{"line":238,"column":2},"end":{"line":305,"column":3}},"70":{"start":{"line":239,"column":45},"end":{"line":239,"column":53}},"71":{"start":{"line":241,"column":4},"end":{"line":243,"column":5}},"72":{"start":{"line":242,"column":6},"end":{"line":242,"column":108}},"73":{"start":{"line":246,"column":23},"end":{"line":246,"column":58}},"74":{"start":{"line":247,"column":21},"end":{"line":247,"column":49}},"75":{"start":{"line":249,"column":29},"end":{"line":249,"column":72}},"76":{"start":{"line":253,"column":4},"end":{"line":261,"column":5}},"77":{"start":{"line":254,"column":6},"end":{"line":256,"column":7}},"78":{"start":{"line":255,"column":8},"end":{"line":255,"column":99}},"79":{"start":{"line":258,"column":6},"end":{"line":260,"column":7}},"80":{"start":{"line":259,"column":8},"end":{"line":259,"column":132}},"81":{"start":{"line":264,"column":23},"end":{"line":264,"column":52}},"82":{"start":{"line":265,"column":4},"end":{"line":267,"column":5}},"83":{"start":{"line":266,"column":6},"end":{"line":266,"column":86}},"84":{"start":{"line":270,"column":17},"end":{"line":277,"column":6}},"85":{"start":{"line":280,"column":24},"end":{"line":280,"column":53}},"86":{"start":{"line":281,"column":25},"end":{"line":281,"column":55}},"87":{"start":{"line":283,"column":4},"end":{"line":288,"column":7}},"88":{"start":{"line":290,"column":4},"end":{"line":301,"column":7}},"89":{"start":{"line":303,"column":4},"end":{"line":303,"column":53}},"90":{"start":{"line":304,"column":4},"end":{"line":304,"column":89}},"91":{"start":{"line":311,"column":30},"end":{"line":362,"column":1}},"92":{"start":{"line":312,"column":2},"end":{"line":361,"column":3}},"93":{"start":{"line":313,"column":22},"end":{"line":313,"column":30}},"94":{"start":{"line":315,"column":4},"end":{"line":317,"column":5}},"95":{"start":{"line":316,"column":6},"end":{"line":316,"column":71}},"96":{"start":{"line":319,"column":17},"end":{"line":319,"column":46}},"97":{"start":{"line":321,"column":4},"end":{"line":324,"column":5}},"98":{"start":{"line":323,"column":6},"end":{"line":323,"column":113}},"99":{"start":{"line":327,"column":23},"end":{"line":327,"column":51}},"100":{"start":{"line":330,"column":4},"end":{"line":330,"column":51}},"101":{"start":{"line":333,"column":21},"end":{"line":333,"column":79}},"102":{"start":{"line":335,"column":17},"end":{"line":341,"column":5}},"103":{"start":{"line":343,"column":4},"end":{"line":357,"column":5}},"104":{"start":{"line":344,"column":6},"end":{"line":348,"column":9}},"105":{"start":{"line":350,"column":6},"end":{"line":350,"column":71}},"106":{"start":{"line":352,"column":6},"end":{"line":352,"column":48}},"107":{"start":{"line":353,"column":6},"end":{"line":353,"column":42}},"108":{"start":{"line":354,"column":6},"end":{"line":354,"column":43}},"109":{"start":{"line":355,"column":6},"end":{"line":355,"column":53}},"110":{"start":{"line":356,"column":6},"end":{"line":356,"column":74}},"111":{"start":{"line":359,"column":4},"end":{"line":359,"column":51}},"112":{"start":{"line":360,"column":4},"end":{"line":360,"column":77}},"113":{"start":{"line":367,"column":29},"end":{"line":402,"column":1}},"114":{"start":{"line":368,"column":2},"end":{"line":401,"column":3}},"115":{"start":{"line":369,"column":32},"end":{"line":369,"column":40}},"116":{"start":{"line":371,"column":4},"end":{"line":373,"column":5}},"117":{"start":{"line":372,"column":6},"end":{"line":372,"column":80}},"118":{"start":{"line":376,"column":31},"end":{"line":379,"column":20}},"119":{"start":{"line":381,"column":17},"end":{"line":384,"column":6}},"120":{"start":{"line":386,"column":4},"end":{"line":388,"column":5}},"121":{"start":{"line":387,"column":6},"end":{"line":387,"column":81}},"122":{"start":{"line":391,"column":4},"end":{"line":391,"column":29}},"123":{"start":{"line":392,"column":4},"end":{"line":392,"column":40}},"124":{"start":{"line":393,"column":4},"end":{"line":393,"column":41}},"125":{"start":{"line":395,"column":4},"end":{"line":395,"column":22}},"126":{"start":{"line":397,"column":4},"end":{"line":397,"column":99}},"127":{"start":{"line":399,"column":4},"end":{"line":399,"column":50}},"128":{"start":{"line":400,"column":4},"end":{"line":400,"column":98}},"129":{"start":{"line":407,"column":29},"end":{"line":450,"column":1}},"130":{"start":{"line":408,"column":2},"end":{"line":449,"column":3}},"131":{"start":{"line":409,"column":17},"end":{"line":409,"column":50}},"132":{"start":{"line":411,"column":4},"end":{"line":413,"column":5}},"133":{"start":{"line":412,"column":6},"end":{"line":412,"column":65}},"134":{"start":{"line":415,"column":51},"end":{"line":415,"column":59}},"135":{"start":{"line":417,"column":4},"end":{"line":417,"column":31}},"136":{"start":{"line":417,"column":14},"end":{"line":417,"column":31}},"137":{"start":{"line":418,"column":4},"end":{"line":418,"column":34}},"138":{"start":{"line":418,"column":15},"end":{"line":418,"column":34}},"139":{"start":{"line":419,"column":4},"end":{"line":421,"column":5}},"140":{"start":{"line":420,"column":6},"end":{"line":420,"column":43}},"141":{"start":{"line":423,"column":4},"end":{"line":429,"column":5}},"142":{"start":{"line":424,"column":26},"end":{"line":424,"column":55}},"143":{"start":{"line":425,"column":6},"end":{"line":427,"column":7}},"144":{"start":{"line":426,"column":8},"end":{"line":426,"column":91}},"145":{"start":{"line":428,"column":6},"end":{"line":428,"column":25}},"146":{"start":{"line":431,"column":4},"end":{"line":431,"column":22}},"147":{"start":{"line":433,"column":4},"end":{"line":445,"column":7}},"148":{"start":{"line":447,"column":4},"end":{"line":447,"column":50}},"149":{"start":{"line":448,"column":4},"end":{"line":448,"column":98}},"150":{"start":{"line":455,"column":30},"end":{"line":482,"column":1}},"151":{"start":{"line":456,"column":2},"end":{"line":481,"column":3}},"152":{"start":{"line":457,"column":45},"end":{"line":457,"column":53}},"153":{"start":{"line":459,"column":4},"end":{"line":461,"column":5}},"154":{"start":{"line":460,"column":6},"end":{"line":460,"column":90}},"155":{"start":{"line":463,"column":17},"end":{"line":463,"column":70}},"156":{"start":{"line":465,"column":4},"end":{"line":467,"column":5}},"157":{"start":{"line":466,"column":6},"end":{"line":466,"column":65}},"158":{"start":{"line":469,"column":20},"end":{"line":469,"column":61}},"159":{"start":{"line":470,"column":4},"end":{"line":472,"column":5}},"160":{"start":{"line":471,"column":6},"end":{"line":471,"column":75}},"161":{"start":{"line":474,"column":4},"end":{"line":474,"column":32}},"162":{"start":{"line":475,"column":4},"end":{"line":475,"column":22}},"163":{"start":{"line":477,"column":4},"end":{"line":477,"column":59}},"164":{"start":{"line":479,"column":4},"end":{"line":479,"column":51}},"165":{"start":{"line":480,"column":4},"end":{"line":480,"column":99}},"166":{"start":{"line":487,"column":25},"end":{"line":543,"column":1}},"167":{"start":{"line":488,"column":2},"end":{"line":542,"column":3}},"168":{"start":{"line":489,"column":31},"end":{"line":489,"column":39}},"169":{"start":{"line":491,"column":4},"end":{"line":493,"column":5}},"170":{"start":{"line":492,"column":6},"end":{"line":492,"column":82}},"171":{"start":{"line":495,"column":17},"end":{"line":495,"column":46}},"172":{"start":{"line":497,"column":4},"end":{"line":499,"column":5}},"173":{"start":{"line":498,"column":6},"end":{"line":498,"column":65}},"174":{"start":{"line":501,"column":4},"end":{"line":503,"column":5}},"175":{"start":{"line":502,"column":6},"end":{"line":502,"column":88}},"176":{"start":{"line":506,"column":4},"end":{"line":508,"column":5}},"177":{"start":{"line":507,"column":6},"end":{"line":507,"column":78}},"178":{"start":{"line":511,"column":4},"end":{"line":511,"column":27}},"179":{"start":{"line":512,"column":4},"end":{"line":512,"column":25}},"180":{"start":{"line":513,"column":4},"end":{"line":513,"column":22}},"181":{"start":{"line":516,"column":24},"end":{"line":516,"column":53}},"182":{"start":{"line":517,"column":25},"end":{"line":517,"column":55}},"183":{"start":{"line":520,"column":4},"end":{"line":525,"column":7}},"184":{"start":{"line":527,"column":4},"end":{"line":538,"column":7}},"185":{"start":{"line":540,"column":4},"end":{"line":540,"column":52}},"186":{"start":{"line":541,"column":4},"end":{"line":541,"column":101}},"187":{"start":{"line":548,"column":26},"end":{"line":621,"column":1}},"188":{"start":{"line":549,"column":2},"end":{"line":620,"column":3}},"189":{"start":{"line":550,"column":21},"end":{"line":550,"column":29}},"190":{"start":{"line":552,"column":4},"end":{"line":554,"column":5}},"191":{"start":{"line":553,"column":6},"end":{"line":553,"column":74}},"192":{"start":{"line":556,"column":17},"end":{"line":556,"column":50}},"193":{"start":{"line":558,"column":4},"end":{"line":560,"column":5}},"194":{"start":{"line":559,"column":6},"end":{"line":559,"column":65}},"195":{"start":{"line":563,"column":4},"end":{"line":565,"column":5}},"196":{"start":{"line":564,"column":6},"end":{"line":564,"column":91}},"197":{"start":{"line":570,"column":21},"end":{"line":570,"column":30}},"198":{"start":{"line":571,"column":19},"end":{"line":571,"column":23}},"199":{"start":{"line":573,"column":4},"end":{"line":575,"column":5}},"200":{"start":{"line":574,"column":6},"end":{"line":574,"column":70}},"201":{"start":{"line":577,"column":29},"end":{"line":577,"column":75}},"202":{"start":{"line":578,"column":4},"end":{"line":580,"column":5}},"203":{"start":{"line":579,"column":6},"end":{"line":579,"column":107}},"204":{"start":{"line":582,"column":25},"end":{"line":582,"column":82}},"205":{"start":{"line":583,"column":4},"end":{"line":585,"column":5}},"206":{"start":{"line":584,"column":6},"end":{"line":584,"column":80}},"207":{"start":{"line":588,"column":4},"end":{"line":588,"column":21}},"208":{"start":{"line":589,"column":4},"end":{"line":589,"column":51}},"209":{"start":{"line":592,"column":24},"end":{"line":592,"column":53}},"210":{"start":{"line":593,"column":25},"end":{"line":593,"column":55}},"211":{"start":{"line":595,"column":4},"end":{"line":600,"column":7}},"212":{"start":{"line":602,"column":4},"end":{"line":616,"column":7}},"213":{"start":{"line":618,"column":4},"end":{"line":618,"column":47}},"214":{"start":{"line":619,"column":4},"end":{"line":619,"column":96}},"215":{"start":{"line":626,"column":27},"end":{"line":674,"column":1}},"216":{"start":{"line":627,"column":2},"end":{"line":673,"column":3}},"217":{"start":{"line":628,"column":23},"end":{"line":628,"column":31}},"218":{"start":{"line":630,"column":4},"end":{"line":632,"column":5}},"219":{"start":{"line":631,"column":6},"end":{"line":631,"column":88}},"220":{"start":{"line":634,"column":23},"end":{"line":634,"column":50}},"221":{"start":{"line":636,"column":4},"end":{"line":638,"column":5}},"222":{"start":{"line":637,"column":6},"end":{"line":637,"column":72}},"223":{"start":{"line":640,"column":4},"end":{"line":642,"column":5}},"224":{"start":{"line":641,"column":6},"end":{"line":641,"column":98}},"225":{"start":{"line":645,"column":24},"end":{"line":645,"column":59}},"226":{"start":{"line":646,"column":25},"end":{"line":646,"column":61}},"227":{"start":{"line":648,"column":4},"end":{"line":653,"column":7}},"228":{"start":{"line":655,"column":4},"end":{"line":669,"column":7}},"229":{"start":{"line":671,"column":4},"end":{"line":671,"column":49}},"230":{"start":{"line":672,"column":4},"end":{"line":672,"column":98}}},"fnMap":{"0":{"name":"(anonymous_0)","decl":{"start":{"line":7,"column":28},"end":{"line":7,"column":29}},"loc":{"start":{"line":7,"column":40},"end":{"line":13,"column":1}},"line":7},"1":{"name":"(anonymous_1)","decl":{"start":{"line":16,"column":29},"end":{"line":16,"column":30}},"loc":{"start":{"line":16,"column":41},"end":{"line":22,"column":1}},"line":16},"2":{"name":"(anonymous_2)","decl":{"start":{"line":27,"column":31},"end":{"line":27,"column":32}},"loc":{"start":{"line":27,"column":51},"end":{"line":66,"column":1}},"line":27},"3":{"name":"(anonymous_3)","decl":{"start":{"line":71,"column":21},"end":{"line":71,"column":22}},"loc":{"start":{"line":71,"column":41},"end":{"line":130,"column":1}},"line":71},"4":{"name":"(anonymous_4)","decl":{"start":{"line":135,"column":23},"end":{"line":135,"column":24}},"loc":{"start":{"line":135,"column":43},"end":{"line":190,"column":1}},"line":135},"5":{"name":"(anonymous_5)","decl":{"start":{"line":195,"column":22},"end":{"line":195,"column":23}},"loc":{"start":{"line":195,"column":42},"end":{"line":207,"column":1}},"line":195},"6":{"name":"(anonymous_6)","decl":{"start":{"line":214,"column":21},"end":{"line":214,"column":22}},"loc":{"start":{"line":214,"column":41},"end":{"line":232,"column":1}},"line":214},"7":{"name":"(anonymous_7)","decl":{"start":{"line":237,"column":31},"end":{"line":237,"column":32}},"loc":{"start":{"line":237,"column":51},"end":{"line":306,"column":1}},"line":237},"8":{"name":"(anonymous_8)","decl":{"start":{"line":311,"column":30},"end":{"line":311,"column":31}},"loc":{"start":{"line":311,"column":50},"end":{"line":362,"column":1}},"line":311},"9":{"name":"(anonymous_9)","decl":{"start":{"line":367,"column":29},"end":{"line":367,"column":30}},"loc":{"start":{"line":367,"column":49},"end":{"line":402,"column":1}},"line":367},"10":{"name":"(anonymous_10)","decl":{"start":{"line":407,"column":29},"end":{"line":407,"column":30}},"loc":{"start":{"line":407,"column":49},"end":{"line":450,"column":1}},"line":407},"11":{"name":"(anonymous_11)","decl":{"start":{"line":455,"column":30},"end":{"line":455,"column":31}},"loc":{"start":{"line":455,"column":50},"end":{"line":482,"column":1}},"line":455},"12":{"name":"(anonymous_12)","decl":{"start":{"line":487,"column":25},"end":{"line":487,"column":26}},"loc":{"start":{"line":487,"column":45},"end":{"line":543,"column":1}},"line":487},"13":{"name":"(anonymous_13)","decl":{"start":{"line":548,"column":26},"end":{"line":548,"column":27}},"loc":{"start":{"line":548,"column":46},"end":{"line":621,"column":1}},"line":548},"14":{"name":"(anonymous_14)","decl":{"start":{"line":626,"column":27},"end":{"line":626,"column":28}},"loc":{"start":{"line":626,"column":47},"end":{"line":674,"column":1}},"line":626}},"branchMap":{"0":{"loc":{"start":{"line":10,"column":4},"end":{"line":10,"column":62}},"type":"binary-expr","locations":[{"start":{"line":10,"column":4},"end":{"line":10,"column":26}},{"start":{"line":10,"column":30},"end":{"line":10,"column":62}}],"line":10},"1":{"loc":{"start":{"line":11,"column":17},"end":{"line":11,"column":55}},"type":"binary-expr","locations":[{"start":{"line":11,"column":17},"end":{"line":11,"column":46}},{"start":{"line":11,"column":50},"end":{"line":11,"column":55}}],"line":11},"2":{"loc":{"start":{"line":19,"column":4},"end":{"line":19,"column":71}},"type":"binary-expr","locations":[{"start":{"line":19,"column":4},"end":{"line":19,"column":34}},{"start":{"line":19,"column":38},"end":{"line":19,"column":71}}],"line":19},"3":{"loc":{"start":{"line":20,"column":17},"end":{"line":20,"column":55}},"type":"binary-expr","locations":[{"start":{"line":20,"column":17},"end":{"line":20,"column":47}},{"start":{"line":20,"column":51},"end":{"line":20,"column":55}}],"line":20},"4":{"loc":{"start":{"line":33,"column":4},"end":{"line":35,"column":5}},"type":"if","locations":[{"start":{"line":33,"column":4},"end":{"line":35,"column":5}},{"start":{},"end":{}}],"line":33},"5":{"loc":{"start":{"line":76,"column":4},"end":{"line":78,"column":5}},"type":"if","locations":[{"start":{"line":76,"column":4},"end":{"line":78,"column":5}},{"start":{},"end":{}}],"line":76},"6":{"loc":{"start":{"line":76,"column":8},"end":{"line":76,"column":27}},"type":"binary-expr","locations":[{"start":{"line":76,"column":8},"end":{"line":76,"column":14}},{"start":{"line":76,"column":18},"end":{"line":76,"column":27}}],"line":76},"7":{"loc":{"start":{"line":82,"column":4},"end":{"line":84,"column":5}},"type":"if","locations":[{"start":{"line":82,"column":4},"end":{"line":84,"column":5}},{"start":{},"end":{}}],"line":82},"8":{"loc":{"start":{"line":87,"column":4},"end":{"line":89,"column":5}},"type":"if","locations":[{"start":{"line":87,"column":4},"end":{"line":89,"column":5}},{"start":{},"end":{}}],"line":87},"9":{"loc":{"start":{"line":91,"column":4},"end":{"line":93,"column":5}},"type":"if","locations":[{"start":{"line":91,"column":4},"end":{"line":93,"column":5}},{"start":{},"end":{}}],"line":91},"10":{"loc":{"start":{"line":91,"column":8},"end":{"line":91,"column":65}},"type":"binary-expr","locations":[{"start":{"line":91,"column":8},"end":{"line":91,"column":34}},{"start":{"line":91,"column":38},"end":{"line":91,"column":65}}],"line":91},"11":{"loc":{"start":{"line":97,"column":4},"end":{"line":99,"column":5}},"type":"if","locations":[{"start":{"line":97,"column":4},"end":{"line":99,"column":5}},{"start":{},"end":{}}],"line":97},"12":{"loc":{"start":{"line":139,"column":4},"end":{"line":141,"column":5}},"type":"if","locations":[{"start":{"line":139,"column":4},"end":{"line":141,"column":5}},{"start":{},"end":{}}],"line":139},"13":{"loc":{"start":{"line":146,"column":41},"end":{"line":146,"column":108}},"type":"binary-expr","locations":[{"start":{"line":146,"column":41},"end":{"line":146,"column":71}},{"start":{"line":146,"column":75},"end":{"line":146,"column":108}}],"line":146},"14":{"loc":{"start":{"line":153,"column":4},"end":{"line":155,"column":5}},"type":"if","locations":[{"start":{"line":153,"column":4},"end":{"line":155,"column":5}},{"start":{},"end":{}}],"line":153},"15":{"loc":{"start":{"line":157,"column":4},"end":{"line":159,"column":5}},"type":"if","locations":[{"start":{"line":157,"column":4},"end":{"line":159,"column":5}},{"start":{},"end":{}}],"line":157},"16":{"loc":{"start":{"line":157,"column":8},"end":{"line":157,"column":65}},"type":"binary-expr","locations":[{"start":{"line":157,"column":8},"end":{"line":157,"column":34}},{"start":{"line":157,"column":38},"end":{"line":157,"column":65}}],"line":157},"17":{"loc":{"start":{"line":241,"column":4},"end":{"line":243,"column":5}},"type":"if","locations":[{"start":{"line":241,"column":4},"end":{"line":243,"column":5}},{"start":{},"end":{}}],"line":241},"18":{"loc":{"start":{"line":241,"column":8},"end":{"line":241,"column":46}},"type":"binary-expr","locations":[{"start":{"line":241,"column":8},"end":{"line":241,"column":13}},{"start":{"line":241,"column":17},"end":{"line":241,"column":23}},{"start":{"line":241,"column":27},"end":{"line":241,"column":36}},{"start":{"line":241,"column":40},"end":{"line":241,"column":46}}],"line":241},"19":{"loc":{"start":{"line":253,"column":4},"end":{"line":261,"column":5}},"type":"if","locations":[{"start":{"line":253,"column":4},"end":{"line":261,"column":5}},{"start":{"line":257,"column":11},"end":{"line":261,"column":5}}],"line":253},"20":{"loc":{"start":{"line":254,"column":6},"end":{"line":256,"column":7}},"type":"if","locations":[{"start":{"line":254,"column":6},"end":{"line":256,"column":7}},{"start":{},"end":{}}],"line":254},"21":{"loc":{"start":{"line":258,"column":6},"end":{"line":260,"column":7}},"type":"if","locations":[{"start":{"line":258,"column":6},"end":{"line":260,"column":7}},{"start":{},"end":{}}],"line":258},"22":{"loc":{"start":{"line":265,"column":4},"end":{"line":267,"column":5}},"type":"if","locations":[{"start":{"line":265,"column":4},"end":{"line":267,"column":5}},{"start":{},"end":{}}],"line":265},"23":{"loc":{"start":{"line":315,"column":4},"end":{"line":317,"column":5}},"type":"if","locations":[{"start":{"line":315,"column":4},"end":{"line":317,"column":5}},{"start":{},"end":{}}],"line":315},"24":{"loc":{"start":{"line":321,"column":4},"end":{"line":324,"column":5}},"type":"if","locations":[{"start":{"line":321,"column":4},"end":{"line":324,"column":5}},{"start":{},"end":{}}],"line":321},"25":{"loc":{"start":{"line":371,"column":4},"end":{"line":373,"column":5}},"type":"if","locations":[{"start":{"line":371,"column":4},"end":{"line":373,"column":5}},{"start":{},"end":{}}],"line":371},"26":{"loc":{"start":{"line":371,"column":8},"end":{"line":371,"column":27}},"type":"binary-expr","locations":[{"start":{"line":371,"column":8},"end":{"line":371,"column":14}},{"start":{"line":371,"column":18},"end":{"line":371,"column":27}}],"line":371},"27":{"loc":{"start":{"line":386,"column":4},"end":{"line":388,"column":5}},"type":"if","locations":[{"start":{"line":386,"column":4},"end":{"line":388,"column":5}},{"start":{},"end":{}}],"line":386},"28":{"loc":{"start":{"line":411,"column":4},"end":{"line":413,"column":5}},"type":"if","locations":[{"start":{"line":411,"column":4},"end":{"line":413,"column":5}},{"start":{},"end":{}}],"line":411},"29":{"loc":{"start":{"line":417,"column":4},"end":{"line":417,"column":31}},"type":"if","locations":[{"start":{"line":417,"column":4},"end":{"line":417,"column":31}},{"start":{},"end":{}}],"line":417},"30":{"loc":{"start":{"line":418,"column":4},"end":{"line":418,"column":34}},"type":"if","locations":[{"start":{"line":418,"column":4},"end":{"line":418,"column":34}},{"start":{},"end":{}}],"line":418},"31":{"loc":{"start":{"line":419,"column":4},"end":{"line":421,"column":5}},"type":"if","locations":[{"start":{"line":419,"column":4},"end":{"line":421,"column":5}},{"start":{},"end":{}}],"line":419},"32":{"loc":{"start":{"line":419,"column":8},"end":{"line":419,"column":48}},"type":"binary-expr","locations":[{"start":{"line":419,"column":8},"end":{"line":419,"column":30}},{"start":{"line":419,"column":34},"end":{"line":419,"column":48}}],"line":419},"33":{"loc":{"start":{"line":423,"column":4},"end":{"line":429,"column":5}},"type":"if","locations":[{"start":{"line":423,"column":4},"end":{"line":429,"column":5}},{"start":{},"end":{}}],"line":423},"34":{"loc":{"start":{"line":423,"column":8},"end":{"line":423,"column":37}},"type":"binary-expr","locations":[{"start":{"line":423,"column":8},"end":{"line":423,"column":13}},{"start":{"line":423,"column":17},"end":{"line":423,"column":37}}],"line":423},"35":{"loc":{"start":{"line":425,"column":6},"end":{"line":427,"column":7}},"type":"if","locations":[{"start":{"line":425,"column":6},"end":{"line":427,"column":7}},{"start":{},"end":{}}],"line":425},"36":{"loc":{"start":{"line":459,"column":4},"end":{"line":461,"column":5}},"type":"if","locations":[{"start":{"line":459,"column":4},"end":{"line":461,"column":5}},{"start":{},"end":{}}],"line":459},"37":{"loc":{"start":{"line":459,"column":8},"end":{"line":459,"column":40}},"type":"binary-expr","locations":[{"start":{"line":459,"column":8},"end":{"line":459,"column":24}},{"start":{"line":459,"column":28},"end":{"line":459,"column":40}}],"line":459},"38":{"loc":{"start":{"line":465,"column":4},"end":{"line":467,"column":5}},"type":"if","locations":[{"start":{"line":465,"column":4},"end":{"line":467,"column":5}},{"start":{},"end":{}}],"line":465},"39":{"loc":{"start":{"line":470,"column":4},"end":{"line":472,"column":5}},"type":"if","locations":[{"start":{"line":470,"column":4},"end":{"line":472,"column":5}},{"start":{},"end":{}}],"line":470},"40":{"loc":{"start":{"line":491,"column":4},"end":{"line":493,"column":5}},"type":"if","locations":[{"start":{"line":491,"column":4},"end":{"line":493,"column":5}},{"start":{},"end":{}}],"line":491},"41":{"loc":{"start":{"line":491,"column":8},"end":{"line":491,"column":26}},"type":"binary-expr","locations":[{"start":{"line":491,"column":8},"end":{"line":491,"column":14}},{"start":{"line":491,"column":18},"end":{"line":491,"column":26}}],"line":491},"42":{"loc":{"start":{"line":497,"column":4},"end":{"line":499,"column":5}},"type":"if","locations":[{"start":{"line":497,"column":4},"end":{"line":499,"column":5}},{"start":{},"end":{}}],"line":497},"43":{"loc":{"start":{"line":501,"column":4},"end":{"line":503,"column":5}},"type":"if","locations":[{"start":{"line":501,"column":4},"end":{"line":503,"column":5}},{"start":{},"end":{}}],"line":501},"44":{"loc":{"start":{"line":506,"column":4},"end":{"line":508,"column":5}},"type":"if","locations":[{"start":{"line":506,"column":4},"end":{"line":508,"column":5}},{"start":{},"end":{}}],"line":506},"45":{"loc":{"start":{"line":506,"column":8},"end":{"line":506,"column":91}},"type":"binary-expr","locations":[{"start":{"line":506,"column":8},"end":{"line":506,"column":17}},{"start":{"line":506,"column":21},"end":{"line":506,"column":46}},{"start":{"line":506,"column":50},"end":{"line":506,"column":91}}],"line":506},"46":{"loc":{"start":{"line":552,"column":4},"end":{"line":554,"column":5}},"type":"if","locations":[{"start":{"line":552,"column":4},"end":{"line":554,"column":5}},{"start":{},"end":{}}],"line":552},"47":{"loc":{"start":{"line":558,"column":4},"end":{"line":560,"column":5}},"type":"if","locations":[{"start":{"line":558,"column":4},"end":{"line":560,"column":5}},{"start":{},"end":{}}],"line":558},"48":{"loc":{"start":{"line":563,"column":4},"end":{"line":565,"column":5}},"type":"if","locations":[{"start":{"line":563,"column":4},"end":{"line":565,"column":5}},{"start":{},"end":{}}],"line":563},"49":{"loc":{"start":{"line":573,"column":4},"end":{"line":575,"column":5}},"type":"if","locations":[{"start":{"line":573,"column":4},"end":{"line":575,"column":5}},{"start":{},"end":{}}],"line":573},"50":{"loc":{"start":{"line":577,"column":29},"end":{"line":577,"column":75}},"type":"binary-expr","locations":[{"start":{"line":577,"column":29},"end":{"line":577,"column":51}},{"start":{"line":577,"column":55},"end":{"line":577,"column":75}}],"line":577},"51":{"loc":{"start":{"line":578,"column":4},"end":{"line":580,"column":5}},"type":"if","locations":[{"start":{"line":578,"column":4},"end":{"line":580,"column":5}},{"start":{},"end":{}}],"line":578},"52":{"loc":{"start":{"line":583,"column":4},"end":{"line":585,"column":5}},"type":"if","locations":[{"start":{"line":583,"column":4},"end":{"line":585,"column":5}},{"start":{},"end":{}}],"line":583},"53":{"loc":{"start":{"line":583,"column":8},"end":{"line":583,"column":74}},"type":"binary-expr","locations":[{"start":{"line":583,"column":8},"end":{"line":583,"column":40}},{"start":{"line":583,"column":44},"end":{"line":583,"column":74}}],"line":583},"54":{"loc":{"start":{"line":630,"column":4},"end":{"line":632,"column":5}},"type":"if","locations":[{"start":{"line":630,"column":4},"end":{"line":632,"column":5}},{"start":{},"end":{}}],"line":630},"55":{"loc":{"start":{"line":636,"column":4},"end":{"line":638,"column":5}},"type":"if","locations":[{"start":{"line":636,"column":4},"end":{"line":638,"column":5}},{"start":{},"end":{}}],"line":636},"56":{"loc":{"start":{"line":640,"column":4},"end":{"line":642,"column":5}},"type":"if","locations":[{"start":{"line":640,"column":4},"end":{"line":642,"column":5}},{"start":{},"end":{}}],"line":640}},"s":{"0":1,"1":12,"2":1,"3":12,"4":1,"5":1,"6":1,"7":1,"8":1,"9":0,"10":1,"11":1,"12":1,"13":1,"14":1,"15":0,"16":0,"17":1,"18":10,"19":10,"20":10,"21":1,"22":9,"23":9,"24":0,"25":9,"26":1,"27":8,"28":1,"29":7,"30":7,"31":1,"32":6,"33":6,"34":6,"35":6,"36":0,"37":0,"38":1,"39":1,"40":1,"41":1,"42":0,"43":1,"44":1,"45":0,"46":1,"47":1,"48":0,"49":1,"50":0,"51":1,"52":1,"53":1,"54":1,"55":0,"56":0,"57":1,"58":1,"59":1,"60":1,"61":0,"62":0,"63":1,"64":0,"65":0,"66":0,"67":0,"68":1,"69":2,"70":2,"71":2,"72":0,"73":2,"74":2,"75":2,"76":2,"77":0,"78":0,"79":2,"80":1,"81":1,"82":1,"83":0,"84":1,"85":1,"86":1,"87":1,"88":1,"89":0,"90":0,"91":1,"92":1,"93":1,"94":1,"95":0,"96":1,"97":1,"98":0,"99":1,"100":1,"101":1,"102":1,"103":1,"104":1,"105":1,"106":0,"107":0,"108":0,"109":0,"110":0,"111":0,"112":0,"113":1,"114":1,"115":1,"116":1,"117":0,"118":1,"119":1,"120":1,"121":0,"122":1,"123":1,"124":1,"125":1,"126":1,"127":0,"128":0,"129":1,"130":1,"131":1,"132":1,"133":0,"134":1,"135":1,"136":1,"137":1,"138":1,"139":1,"140":0,"141":1,"142":0,"143":0,"144":0,"145":0,"146":1,"147":1,"148":0,"149":0,"150":1,"151":1,"152":1,"153":1,"154":0,"155":1,"156":1,"157":0,"158":1,"159":1,"160":0,"161":1,"162":1,"163":1,"164":0,"165":0,"166":1,"167":2,"168":2,"169":2,"170":0,"171":2,"172":2,"173":0,"174":2,"175":0,"176":2,"177":1,"178":1,"179":1,"180":1,"181":1,"182":1,"183":1,"184":1,"185":0,"186":0,"187":1,"188":5,"189":5,"190":5,"191":0,"192":5,"193":5,"194":0,"195":5,"196":2,"197":3,"198":3,"199":3,"200":1,"201":2,"202":2,"203":0,"204":2,"205":2,"206":0,"207":2,"208":2,"209":2,"210":2,"211":2,"212":2,"213":0,"214":0,"215":1,"216":2,"217":2,"218":2,"219":0,"220":2,"221":2,"222":0,"223":2,"224":1,"225":1,"226":1,"227":1,"228":1,"229":0,"230":0},"f":{"0":12,"1":12,"2":1,"3":10,"4":1,"5":1,"6":0,"7":2,"8":1,"9":1,"10":1,"11":1,"12":2,"13":5,"14":2},"b":{"0":[12,12],"1":[12,12],"2":[12,12],"3":[12,12],"4":[0,1],"5":[1,9],"6":[10,10],"7":[0,9],"8":[1,8],"9":[1,7],"10":[8,8],"11":[1,6],"12":[0,1],"13":[1,1],"14":[0,1],"15":[0,1],"16":[1,1],"17":[0,2],"18":[2,2,2,2],"19":[0,2],"20":[0,0],"21":[1,1],"22":[0,1],"23":[0,1],"24":[0,1],"25":[0,1],"26":[1,1],"27":[0,1],"28":[0,1],"29":[1,0],"30":[1,0],"31":[0,1],"32":[1,0],"33":[0,1],"34":[1,0],"35":[0,0],"36":[0,1],"37":[1,1],"38":[0,1],"39":[0,1],"40":[0,2],"41":[2,2],"42":[0,2],"43":[0,2],"44":[1,1],"45":[2,2,1],"46":[0,5],"47":[0,5],"48":[2,3],"49":[1,2],"50":[2,2],"51":[0,2],"52":[0,2],"53":[2,2],"54":[0,2],"55":[0,2],"56":[1,1]},"inputSourceMap":null,"_coverageSchema":"1a1c01bbd47fc00a2c39e90264f33305004495a9","hash":"d24c5db033ed9f3678c08bfb6eb29ad4b6caefb5"}
,"/home/chetan/Personal-Projects/MedicalApp/backend/server/controllers/clinic.controller.js": {"path":"/home/chetan/Personal-Projects/MedicalApp/backend/server/controllers/clinic.controller.js","statementMap":{"0":{"start":{"line":8,"column":28},"end":{"line":46,"column":1}},"1":{"start":{"line":9,"column":2},"end":{"line":45,"column":3}},"2":{"start":{"line":10,"column":95},"end":{"line":10,"column":103}},"3":{"start":{"line":12,"column":4},"end":{"line":14,"column":5}},"4":{"start":{"line":13,"column":6},"end":{"line":13,"column":94}},"5":{"start":{"line":17,"column":25},"end":{"line":17,"column":56}},"6":{"start":{"line":18,"column":4},"end":{"line":20,"column":5}},"7":{"start":{"line":19,"column":6},"end":{"line":19,"column":98}},"8":{"start":{"line":23,"column":23},"end":{"line":23,"column":64}},"9":{"start":{"line":24,"column":4},"end":{"line":26,"column":5}},"10":{"start":{"line":25,"column":6},"end":{"line":25,"column":94}},"11":{"start":{"line":28,"column":19},"end":{"line":39,"column":6}},"12":{"start":{"line":41,"column":4},"end":{"line":41,"column":110}},"13":{"start":{"line":43,"column":4},"end":{"line":43,"column":49}},"14":{"start":{"line":44,"column":4},"end":{"line":44,"column":102}},"15":{"start":{"line":51,"column":28},"end":{"line":75,"column":1}},"16":{"start":{"line":52,"column":2},"end":{"line":74,"column":3}},"17":{"start":{"line":53,"column":60},"end":{"line":53,"column":68}},"18":{"start":{"line":54,"column":25},"end":{"line":54,"column":28}},"19":{"start":{"line":56,"column":19},"end":{"line":56,"column":50}},"20":{"start":{"line":57,"column":4},"end":{"line":59,"column":5}},"21":{"start":{"line":58,"column":6},"end":{"line":58,"column":67}},"22":{"start":{"line":62,"column":4},"end":{"line":62,"column":33}},"23":{"start":{"line":62,"column":14},"end":{"line":62,"column":33}},"24":{"start":{"line":63,"column":4},"end":{"line":63,"column":33}},"25":{"start":{"line":63,"column":14},"end":{"line":63,"column":33}},"26":{"start":{"line":64,"column":4},"end":{"line":64,"column":45}},"27":{"start":{"line":64,"column":18},"end":{"line":64,"column":45}},"28":{"start":{"line":65,"column":4},"end":{"line":65,"column":42}},"29":{"start":{"line":65,"column":17},"end":{"line":65,"column":42}},"30":{"start":{"line":66,"column":4},"end":{"line":66,"column":36}},"31":{"start":{"line":66,"column":15},"end":{"line":66,"column":36}},"32":{"start":{"line":67,"column":4},"end":{"line":67,"column":36}},"33":{"start":{"line":67,"column":15},"end":{"line":67,"column":36}},"34":{"start":{"line":69,"column":4},"end":{"line":69,"column":24}},"35":{"start":{"line":70,"column":4},"end":{"line":70,"column":25}},"36":{"start":{"line":72,"column":4},"end":{"line":72,"column":49}},"37":{"start":{"line":73,"column":4},"end":{"line":73,"column":98}},"38":{"start":{"line":80,"column":34},"end":{"line":102,"column":1}},"39":{"start":{"line":81,"column":2},"end":{"line":101,"column":3}},"40":{"start":{"line":82,"column":23},"end":{"line":82,"column":31}},"41":{"start":{"line":83,"column":27},"end":{"line":83,"column":46}},"42":{"start":{"line":85,"column":4},"end":{"line":87,"column":5}},"43":{"start":{"line":86,"column":6},"end":{"line":86,"column":65}},"44":{"start":{"line":89,"column":19},"end":{"line":89,"column":56}},"45":{"start":{"line":90,"column":4},"end":{"line":92,"column":5}},"46":{"start":{"line":91,"column":6},"end":{"line":91,"column":67}},"47":{"start":{"line":94,"column":4},"end":{"line":94,"column":27}},"48":{"start":{"line":95,"column":4},"end":{"line":95,"column":24}},"49":{"start":{"line":97,"column":4},"end":{"line":97,"column":72}},"50":{"start":{"line":99,"column":4},"end":{"line":99,"column":56}},"51":{"start":{"line":100,"column":4},"end":{"line":100,"column":105}},"52":{"start":{"line":107,"column":29},"end":{"line":155,"column":1}},"53":{"start":{"line":108,"column":2},"end":{"line":154,"column":3}},"54":{"start":{"line":109,"column":19},"end":{"line":109,"column":61}},"55":{"start":{"line":110,"column":4},"end":{"line":112,"column":5}},"56":{"start":{"line":111,"column":6},"end":{"line":111,"column":67}},"57":{"start":{"line":114,"column":4},"end":{"line":116,"column":5}},"58":{"start":{"line":115,"column":6},"end":{"line":115,"column":75}},"59":{"start":{"line":120,"column":23},"end":{"line":120,"column":71}},"60":{"start":{"line":121,"column":4},"end":{"line":123,"column":5}},"61":{"start":{"line":122,"column":6},"end":{"line":122,"column":101}},"62":{"start":{"line":126,"column":25},"end":{"line":126,"column":39}},"63":{"start":{"line":128,"column":22},"end":{"line":136,"column":6}},"64":{"start":{"line":138,"column":4},"end":{"line":138,"column":29}},"65":{"start":{"line":139,"column":4},"end":{"line":139,"column":24}},"66":{"start":{"line":141,"column":4},"end":{"line":150,"column":7}},"67":{"start":{"line":152,"column":4},"end":{"line":152,"column":50}},"68":{"start":{"line":153,"column":4},"end":{"line":153,"column":93}},"69":{"start":{"line":160,"column":28},"end":{"line":179,"column":1}},"70":{"start":{"line":161,"column":2},"end":{"line":178,"column":3}},"71":{"start":{"line":162,"column":19},"end":{"line":162,"column":61}},"72":{"start":{"line":163,"column":4},"end":{"line":165,"column":5}},"73":{"start":{"line":164,"column":6},"end":{"line":164,"column":67}},"74":{"start":{"line":167,"column":4},"end":{"line":169,"column":5}},"75":{"start":{"line":168,"column":6},"end":{"line":168,"column":101}},"76":{"start":{"line":171,"column":4},"end":{"line":171,"column":31}},"77":{"start":{"line":172,"column":4},"end":{"line":172,"column":24}},"78":{"start":{"line":174,"column":4},"end":{"line":174,"column":74}},"79":{"start":{"line":176,"column":4},"end":{"line":176,"column":49}},"80":{"start":{"line":177,"column":4},"end":{"line":177,"column":72}},"81":{"start":{"line":184,"column":26},"end":{"line":226,"column":1}},"82":{"start":{"line":185,"column":2},"end":{"line":225,"column":3}},"83":{"start":{"line":186,"column":39},"end":{"line":186,"column":48}},"84":{"start":{"line":187,"column":18},"end":{"line":187,"column":20}},"85":{"start":{"line":190,"column":23},"end":{"line":190,"column":28}},"86":{"start":{"line":191,"column":23},"end":{"line":191,"column":48}},"87":{"start":{"line":192,"column":4},"end":{"line":203,"column":5}},"88":{"start":{"line":193,"column":20},"end":{"line":193,"column":44}},"89":{"start":{"line":194,"column":6},"end":{"line":202,"column":7}},"90":{"start":{"line":195,"column":24},"end":{"line":195,"column":101}},"91":{"start":{"line":196,"column":21},"end":{"line":196,"column":67}},"92":{"start":{"line":197,"column":8},"end":{"line":199,"column":9}},"93":{"start":{"line":198,"column":10},"end":{"line":198,"column":30}},"94":{"start":{"line":205,"column":4},"end":{"line":211,"column":5}},"95":{"start":{"line":206,"column":6},"end":{"line":208,"column":7}},"96":{"start":{"line":207,"column":8},"end":{"line":207,"column":30}},"97":{"start":{"line":210,"column":6},"end":{"line":210,"column":30}},"98":{"start":{"line":213,"column":4},"end":{"line":215,"column":5}},"99":{"start":{"line":214,"column":6},"end":{"line":214,"column":53}},"100":{"start":{"line":216,"column":4},"end":{"line":218,"column":5}},"101":{"start":{"line":217,"column":6},"end":{"line":217,"column":61}},"102":{"start":{"line":220,"column":20},"end":{"line":220,"column":44}},"103":{"start":{"line":221,"column":4},"end":{"line":221,"column":26}},"104":{"start":{"line":223,"column":4},"end":{"line":223,"column":50}},"105":{"start":{"line":224,"column":4},"end":{"line":224,"column":102}},"106":{"start":{"line":231,"column":29},"end":{"line":242,"column":1}},"107":{"start":{"line":232,"column":2},"end":{"line":241,"column":3}},"108":{"start":{"line":233,"column":19},"end":{"line":233,"column":55}},"109":{"start":{"line":234,"column":4},"end":{"line":236,"column":5}},"110":{"start":{"line":235,"column":6},"end":{"line":235,"column":67}},"111":{"start":{"line":237,"column":4},"end":{"line":237,"column":25}},"112":{"start":{"line":239,"column":4},"end":{"line":239,"column":46}},"113":{"start":{"line":240,"column":4},"end":{"line":240,"column":86}}},"fnMap":{"0":{"name":"(anonymous_0)","decl":{"start":{"line":8,"column":28},"end":{"line":8,"column":29}},"loc":{"start":{"line":8,"column":48},"end":{"line":46,"column":1}},"line":8},"1":{"name":"(anonymous_1)","decl":{"start":{"line":51,"column":28},"end":{"line":51,"column":29}},"loc":{"start":{"line":51,"column":48},"end":{"line":75,"column":1}},"line":51},"2":{"name":"(anonymous_2)","decl":{"start":{"line":80,"column":34},"end":{"line":80,"column":35}},"loc":{"start":{"line":80,"column":54},"end":{"line":102,"column":1}},"line":80},"3":{"name":"(anonymous_3)","decl":{"start":{"line":107,"column":29},"end":{"line":107,"column":30}},"loc":{"start":{"line":107,"column":49},"end":{"line":155,"column":1}},"line":107},"4":{"name":"(anonymous_4)","decl":{"start":{"line":160,"column":28},"end":{"line":160,"column":29}},"loc":{"start":{"line":160,"column":48},"end":{"line":179,"column":1}},"line":160},"5":{"name":"(anonymous_5)","decl":{"start":{"line":184,"column":26},"end":{"line":184,"column":27}},"loc":{"start":{"line":184,"column":46},"end":{"line":226,"column":1}},"line":184},"6":{"name":"(anonymous_6)","decl":{"start":{"line":231,"column":29},"end":{"line":231,"column":30}},"loc":{"start":{"line":231,"column":49},"end":{"line":242,"column":1}},"line":231}},"branchMap":{"0":{"loc":{"start":{"line":12,"column":4},"end":{"line":14,"column":5}},"type":"if","locations":[{"start":{"line":12,"column":4},"end":{"line":14,"column":5}},{"start":{},"end":{}}],"line":12},"1":{"loc":{"start":{"line":12,"column":8},"end":{"line":12,"column":111}},"type":"binary-expr","locations":[{"start":{"line":12,"column":8},"end":{"line":12,"column":13}},{"start":{"line":12,"column":17},"end":{"line":12,"column":22}},{"start":{"line":12,"column":26},"end":{"line":12,"column":35}},{"start":{"line":12,"column":39},"end":{"line":12,"column":47}},{"start":{"line":12,"column":51},"end":{"line":12,"column":57}},{"start":{"line":12,"column":61},"end":{"line":12,"column":67}},{"start":{"line":12,"column":71},"end":{"line":12,"column":81}},{"start":{"line":12,"column":85},"end":{"line":12,"column":96}},{"start":{"line":12,"column":100},"end":{"line":12,"column":111}}],"line":12},"2":{"loc":{"start":{"line":18,"column":4},"end":{"line":20,"column":5}},"type":"if","locations":[{"start":{"line":18,"column":4},"end":{"line":20,"column":5}},{"start":{},"end":{}}],"line":18},"3":{"loc":{"start":{"line":24,"column":4},"end":{"line":26,"column":5}},"type":"if","locations":[{"start":{"line":24,"column":4},"end":{"line":26,"column":5}},{"start":{},"end":{}}],"line":24},"4":{"loc":{"start":{"line":57,"column":4},"end":{"line":59,"column":5}},"type":"if","locations":[{"start":{"line":57,"column":4},"end":{"line":59,"column":5}},{"start":{},"end":{}}],"line":57},"5":{"loc":{"start":{"line":62,"column":4},"end":{"line":62,"column":33}},"type":"if","locations":[{"start":{"line":62,"column":4},"end":{"line":62,"column":33}},{"start":{},"end":{}}],"line":62},"6":{"loc":{"start":{"line":63,"column":4},"end":{"line":63,"column":33}},"type":"if","locations":[{"start":{"line":63,"column":4},"end":{"line":63,"column":33}},{"start":{},"end":{}}],"line":63},"7":{"loc":{"start":{"line":64,"column":4},"end":{"line":64,"column":45}},"type":"if","locations":[{"start":{"line":64,"column":4},"end":{"line":64,"column":45}},{"start":{},"end":{}}],"line":64},"8":{"loc":{"start":{"line":65,"column":4},"end":{"line":65,"column":42}},"type":"if","locations":[{"start":{"line":65,"column":4},"end":{"line":65,"column":42}},{"start":{},"end":{}}],"line":65},"9":{"loc":{"start":{"line":66,"column":4},"end":{"line":66,"column":36}},"type":"if","locations":[{"start":{"line":66,"column":4},"end":{"line":66,"column":36}},{"start":{},"end":{}}],"line":66},"10":{"loc":{"start":{"line":67,"column":4},"end":{"line":67,"column":36}},"type":"if","locations":[{"start":{"line":67,"column":4},"end":{"line":67,"column":36}},{"start":{},"end":{}}],"line":67},"11":{"loc":{"start":{"line":85,"column":4},"end":{"line":87,"column":5}},"type":"if","locations":[{"start":{"line":85,"column":4},"end":{"line":87,"column":5}},{"start":{},"end":{}}],"line":85},"12":{"loc":{"start":{"line":90,"column":4},"end":{"line":92,"column":5}},"type":"if","locations":[{"start":{"line":90,"column":4},"end":{"line":92,"column":5}},{"start":{},"end":{}}],"li
[...]
umn":2},"end":{"line":4,"column":3}},"2":{"start":{"line":3,"column":4},"end":{"line":3,"column":71}},"3":{"start":{"line":7,"column":2},"end":{"line":13,"column":3}},"4":{"start":{"line":8,"column":27},"end":{"line":8,"column":89}},"5":{"start":{"line":9,"column":4},"end":{"line":11,"column":5}},"6":{"start":{"line":10,"column":6},"end":{"line":10,"column":36}},"7":{"start":{"line":12,"column":4},"end":{"line":12,"column":18}},"8":{"start":{"line":16,"column":2},"end":{"line":22,"column":3}},"9":{"start":{"line":17,"column":27},"end":{"line":17,"column":89}},"10":{"start":{"line":18,"column":4},"end":{"line":20,"column":5}},"11":{"start":{"line":19,"column":6},"end":{"line":19,"column":36}},"12":{"start":{"line":21,"column":4},"end":{"line":21,"column":18}},"13":{"start":{"line":25,"column":23},"end":{"line":25,"column":52}},"14":{"start":{"line":26,"column":2},"end":{"line":28,"column":3}},"15":{"start":{"line":27,"column":4},"end":{"line":27,"column":91}},"16":{"start":{"line":31,"column":2},"end":{"line":31,"column":35}},"17":{"start":{"line":34,"column":27},"end":{"line":34,"column":89}},"18":{"start":{"line":35,"column":2},"end":{"line":39,"column":3}},"19":{"start":{"line":36,"column":4},"end":{"line":38,"column":7}},"20":{"start":{"line":41,"column":2},"end":{"line":41,"column":9}}},"fnMap":{"0":{"name":"(anonymous_0)","decl":{"start":{"line":1,"column":29},"end":{"line":1,"column":30}},"loc":{"start":{"line":1,"column":49},"end":{"line":42,"column":1}},"line":1}},"branchMap":{"0":{"loc":{"start":{"line":2,"column":2},"end":{"line":4,"column":3}},"type":"if","locations":[{"start":{"line":2,"column":2},"end":{"line":4,"column":3}},{"start":{},"end":{}}],"line":2},"1":{"loc":{"start":{"line":7,"column":2},"end":{"line":13,"column":3}},"type":"if","locations":[{"start":{"line":7,"column":2},"end":{"line":13,"column":3}},{"start":{},"end":{}}],"line":7},"2":{"loc":{"start":{"line":8,"column":27},"end":{"line":8,"column":89}},"type":"binary-expr","locations":[{"start":{"line":8,"column":27},"end":{"line":8,"column":45}},{"start":{"line":8,"column":49},"end":{"line":8,"column":66}},{"start":{"line":8,"column":70},"end":{"line":8,"column":89}}],"line":8},"3":{"loc":{"start":{"line":9,"column":4},"end":{"line":11,"column":5}},"type":"if","locations":[{"start":{"line":9,"column":4},"end":{"line":11,"column":5}},{"start":{},"end":{}}],"line":9},"4":{"loc":{"start":{"line":16,"column":2},"end":{"line":22,"column":3}},"type":"if","locations":[{"start":{"line":16,"column":2},"end":{"line":22,"column":3}},{"start":{},"end":{}}],"line":16},"5":{"loc":{"start":{"line":17,"column":27},"end":{"line":17,"column":89}},"type":"binary-expr","locations":[{"start":{"line":17,"column":27},"end":{"line":17,"column":45}},{"start":{"line":17,"column":49},"end":{"line":17,"column":66}},{"start":{"line":17,"column":70},"end":{"line":17,"column":89}}],"line":17},"6":{"loc":{"start":{"line":18,"column":4},"end":{"line":20,"column":5}},"type":"if","locations":[{"start":{"line":18,"column":4},"end":{"line":20,"column":5}},{"start":{},"end":{}}],"line":18},"7":{"loc":{"start":{"line":26,"column":2},"end":{"line":28,"column":3}},"type":"if","locations":[{"start":{"line":26,"column":2},"end":{"line":28,"column":3}},{"start":{},"end":{}}],"line":26},"8":{"loc":{"start":{"line":34,"column":27},"end":{"line":34,"column":89}},"type":"binary-expr","locations":[{"start":{"line":34,"column":27},"end":{"line":34,"column":46}},{"start":{"line":34,"column":50},"end":{"line":34,"column":68}},{"start":{"line":34,"column":72},"end":{"line":34,"column":89}}],"line":34},"9":{"loc":{"start":{"line":35,"column":2},"end":{"line":39,"column":3}},"type":"if","locations":[{"start":{"line":35,"column":2},"end":{"line":39,"column":3}},{"start":{},"end":{}}],"line":35},"10":{"loc":{"start":{"line":35,"column":6},"end":{"line":35,"column":70}},"type":"binary-expr","locations":[{"start":{"line":35,"column":6},"end":{"line":35,"column":22}},{"start":{"line":35,"column":26},"end":{"line":35,"column":70}}],"line":35}},"s":{"0":1,"1":20,"2":0,"3":20,"4":0,"5":0,"6":0,"7":0,"8":20,"9":8,"10":8,"11":7,"12":8,"13":12,"14":12,"15":0,"16":12,"17":12,"18":12,"19":1,"20":11},"f":{"0":20},"b":{"0":[0,20],"1":[0,20],"2":[0,0,0],"3":[0,0],"4":[8,12],"5":[8,8,1],"6":[7,1],"7":[0,12],"8":[12,10,10],"9":[1,11],"10":[12,3]},"inputSourceMap":null,"_coverageSchema":"1a1c01bbd47fc00a2c39e90264f33305004495a9","hash":"20683015e5a2640d3c23ef985b8a6fe2588736f7"}
,"/home/chetan/Personal-Projects/MedicalApp/backend/server/models/Appointment.js": {"path":"/home/chetan/Personal-Projects/MedicalApp/backend/server/models/Appointment.js","statementMap":{"0":{"start":{"line":3,"column":26},"end":{"line":45,"column":1}},"1":{"start":{"line":48,"column":0},"end":{"line":48,"column":41}},"2":{"start":{"line":49,"column":0},"end":{"line":49,"column":50}},"3":{"start":{"line":50,"column":0},"end":{"line":50,"column":42}},"4":{"start":{"line":52,"column":20},"end":{"line":52,"column":68}}},"fnMap":{},"branchMap":{},"s":{"0":1,"1":1,"2":1,"3":1,"4":1},"f":{},"b":{},"inputSourceMap":null,"_coverageSchema":"1a1c01bbd47fc00a2c39e90264f33305004495a9","hash":"ba334328b49d47f7af2eb014f87cc5e2d9b9a858"}
,"/home/chetan/Personal-Projects/MedicalApp/backend/server/models/Clinic.js": {"path":"/home/chetan/Personal-Projects/MedicalApp/backend/server/models/Clinic.js","statementMap":{"0":{"start":{"line":3,"column":21},"end":{"line":54,"column":1}},"1":{"start":{"line":57,"column":0},"end":{"line":57,"column":45}},"2":{"start":{"line":59,"column":15},"end":{"line":59,"column":53}}},"fnMap":{},"branchMap":{},"s":{"0":1,"1":1,"2":1},"f":{},"b":{},"inputSourceMap":null,"_coverageSchema":"1a1c01bbd47fc00a2c39e90264f33305004495a9","hash":"1cdd51dac03f6b89d517933e1fb601415b520dc2"}
,"/home/chetan/Personal-Projects/MedicalApp/backend/server/models/Notification.js": {"path":"/home/chetan/Personal-Projects/MedicalApp/backend/server/models/Notification.js","statementMap":{"0":{"start":{"line":3,"column":27},"end":{"line":31,"column":1}},"1":{"start":{"line":34,"column":0},"end":{"line":34,"column":51}},"2":{"start":{"line":36,"column":21},"end":{"line":36,"column":71}}},"fnMap":{},"branchMap":{},"s":{"0":1,"1":1,"2":1},"f":{},"b":{},"inputSourceMap":null,"_coverageSchema":"1a1c01bbd47fc00a2c39e90264f33305004495a9","hash":"45ab8eeb912f65904c0aba3dbc4fb6b7093af4d9"}
,"/home/chetan/Personal-Projects/MedicalApp/backend/server/models/Schedule.js": {"path":"/home/chetan/Personal-Projects/MedicalApp/backend/server/models/Schedule.js","statementMap":{"0":{"start":{"line":3,"column":19},"end":{"line":12,"column":2}},"1":{"start":{"line":14,"column":33},"end":{"line":22,"column":2}},"2":{"start":{"line":24,"column":20},"end":{"line":37,"column":2}},"3":{"start":{"line":39,"column":22},"end":{"line":48,"column":2}},"4":{"start":{"line":50,"column":23},"end":{"line":75,"column":1}},"5":{"start":{"line":78,"column":0},"end":{"line":78,"column":38}},"6":{"start":{"line":79,"column":0},"end":{"line":79,"column":38}},"7":{"start":{"line":81,"column":17},"end":{"line":81,"column":59}}},"fnMap":{},"branchMap":{},"s":{"0":1,"1":1,"2":1,"3":1,"4":1,"5":1,"6":1,"7":1},"f":{},"b":{},"inputSourceMap":null,"_coverageSchema":"1a1c01bbd47fc00a2c39e90264f33305004495a9","hash":"a0df653784d63fed7840e6dbae7b5a3a9f96bb38"}
,"/home/chetan/Personal-Projects/MedicalApp/backend/server/models/SystemSetting.js": {"path":"/home/chetan/Personal-Projects/MedicalApp/backend/server/models/SystemSetting.js","statementMap":{"0":{"start":{"line":3,"column":28},"end":{"line":17,"column":1}},"1":{"start":{"line":19,"column":22},"end":{"line":19,"column":74}}},"fnMap":{},"branchMap":{},"s":{"0":1,"1":1},"f":{},"b":{},"inputSourceMap":null,"_coverageSchema":"1a1c01bbd47fc00a2c39e90264f33305004495a9","hash":"147efd07d16925e34da8e837630f9630f91d33e9"}
,"/home/chetan/Personal-Projects/MedicalApp/backend/server/models/User.js": {"path":"/home/chetan/Personal-Projects/MedicalApp/backend/server/models/User.js","statementMap":{"0":{"start":{"line":5,"column":19},"end":{"line":70,"column":1}},"1":{"start":{"line":32,"column":8},"end":{"line":32,"column":27}},"2":{"start":{"line":40,"column":8},"end":{"line":40,"column":78}},"3":{"start":{"line":47,"column":8},"end":{"line":47,"column":38}},"4":{"start":{"line":73,"column":0},"end":{"line":79,"column":3}},"5":{"start":{"line":74,"column":2},"end":{"line":76,"column":3}},"6":{"start":{"line":75,"column":4},"end":{"line":75,"column":11}},"7":{"start":{"line":77,"column":15},"end":{"line":77,"column":39}},"8":{"start":{"line":78,"column":2},"end":{"line":78,"column":57}},"9":{"start":{"line":82,"column":0},"end":{"line":84,"column":2}},"10":{"start":{"line":83,"column":2},"end":{"line":83,"column":62}},"11":{"start":{"line":87,"column":0},"end":{"line":102,"column":2}},"12":{"start":{"line":90,"column":21},"end":{"line":90,"column":59}},"13":{"start":{"line":93,"column":2},"end":{"line":96,"column":19}},"14":{"start":{"line":99,"column":2},"end":{"line":99,"column":57}},"15":{"start":{"line":101,"column":2},"end":{"line":101,"column":20}},"16":{"start":{"line":104,"column":13},"end":{"line":104,"column":47}}},"fnMap":{"0":{"name":"(anonymous_0)","decl":{"start":{"line":31,"column":15},"end":{"line":31,"column":16}},"loc":{"start":{"line":31,"column":27},"end":{"line":33,"column":7}},"line":31},"1":{"name":"(anonymous_1)","decl":{"start":{"line":39,"column":16},"end":{"line":39,"column":17}},"loc":{"start":{"line":39,"column":28},"end":{"line":41,"column":7}},"line":39},"2":{"name":"(anonymous_2)","decl":{"start":{"line":46,"column":16},"end":{"line":46,"column":17}},"loc":{"start":{"line":46,"column":28},"end":{"line":48,"column":7}},"line":46},"3":{"name":"(anonymous_3)","decl":{"start":{"line":73,"column":23},"end":{"line":73,"column":24}},"loc":{"start":{"line":73,"column":45},"end":{"line":79,"column":1}},"line":73},"4":{"name":"(anonymous_4)","decl":{"start":{"line":82,"column":35},"end":{"line":82,"column":36}},"loc":{"start":{"line":82,"column":68},"end":{"line":84,"column":1}},"line":82},"5":{"name":"(anonymous_5)","decl":{"start":{"line":87,"column":43},"end":{"line":87,"column":44}},"loc":{"start":{"line":87,"column":55},"end":{"line":102,"column":1}},"line":87}},"branchMap":{"0":{"loc":{"start":{"line":74,"column":2},"end":{"line":76,"column":3}},"type":"if","locations":[{"start":{"line":74,"column":2},"end":{"line":76,"column":3}},{"start":{},"end":{}}],"line":74}},"s":{"0":1,"1":8,"2":13,"3":13,"4":1,"5":18,"6":8,"7":18,"8":18,"9":1,"10":8,"11":1,"12":1,"13":1,"14":1,"15":1,"16":1},"f":{"0":8,"1":13,"2":13,"3":18,"4":8,"5":1},"b":{"0":[8,10]},"inputSourceMap":null,"_coverageSchema":"1a1c01bbd47fc00a2c39e90264f33305004495a9","hash":"a06fe76d9dae7575e6cf4e209805468206c21571"}
,"/home/chetan/Personal-Projects/MedicalApp/backend/server/routes/appointment.routes.js": {"path":"/home/chetan/Personal-Projects/MedicalApp/backend/server/routes/appointment.routes.js","statementMap":{"0":{"start":{"line":13,"column":15},"end":{"line":13,"column":31}},"1":{"start":{"line":15,"column":0},"end":{"line":17,"column":48}},"2":{"start":{"line":19,"column":0},"end":{"line":20,"column":37}},"3":{"start":{"line":22,"column":0},"end":{"line":23,"column":41}},"4":{"start":{"line":25,"column":0},"end":{"line":26,"column":101}},"5":{"start":{"line":28,"column":0},"end":{"line":29,"column":80}}},"fnMap":{},"branchMap":{},"s":{"0":1,"1":1,"2":1,"3":1,"4":1,"5":1},"f":{},"b":{},"inputSourceMap":null,"_coverageSchema":"1a1c01bbd47fc00a2c39e90264f33305004495a9","hash":"aa9c32917cd4da5dbdf004d87f3c29d097dac2b1"}
,"/home/chetan/Personal-Projects/MedicalApp/backend/server/routes/auth.routes.js": {"path":"/home/chetan/Personal-Projects/MedicalApp/backend/server/routes/auth.routes.js","statementMap":{"0":{"start":{"line":19,"column":15},"end":{"line":19,"column":31}},"1":{"start":{"line":21,"column":0},"end":{"line":21,"column":42}},"2":{"start":{"line":22,"column":0},"end":{"line":22,"column":29}},"3":{"start":{"line":23,"column":0},"end":{"line":23,"column":33}},"4":{"start":{"line":24,"column":0},"end":{"line":24,"column":31}},"5":{"start":{"line":25,"column":0},"end":{"line":25,"column":34}},"6":{"start":{"line":26,"column":0},"end":{"line":26,"column":47}},"7":{"start":{"line":27,"column":0},"end":{"line":27,"column":56}},"8":{"start":{"line":30,"column":0},"end":{"line":30,"column":38}},"9":{"start":{"line":31,"column":0},"end":{"line":31,"column":49}},"10":{"start":{"line":32,"column":0},"end":{"line":32,"column":81}},"11":{"start":{"line":35,"column":0},"end":{"line":35,"column":51}},"12":{"start":{"line":36,"column":0},"end":{"line":36,"column":48}},"13":{"start":{"line":37,"column":0},"end":{"line":37,"column":46}}},"fnMap":{},"branchMap":{},"s":{"0":1,"1":1,"2":1,"3":1,"4":1,"5":1,"6":1,"7":1,"8":1,"9":1,"10":1,"11":1,"12":1,"13":1},"f":{},"b":{},"inputSourceMap":null,"_coverageSchema":"1a1c01bbd47fc00a2c39e90264f33305004495a9","hash":"a2ad1e081702b100b19b238a6b7a20578e34e3f9"}
,"/home/chetan/Personal-Projects/MedicalApp/backend/server/routes/clinic.routes.js": {"path":"/home/chetan/Personal-Projects/MedicalApp/backend/server/routes/clinic.routes.js","statementMap":{"0":{"start":{"line":14,"column":15},"end":{"line":14,"column":31}},"1":{"start":{"line":16,"column":0},"end":{"line":18,"column":19}},"2":{"start":{"line":20,"column":0},"end":{"line":20,"column":39}},"3":{"start":{"line":21,"column":0},"end":{"line":21,"column":90}},"4":{"start":{"line":22,"column":0},"end":{"line":22,"column":88}},"5":{"start":{"line":24,"column":0},"end":{"line":25,"column":22}},"6":{"start":{"line":27,"column":0},"end":{"line":28,"column":77}},"7":{"start":{"line":30,"column":0},"end":{"line":31,"column":69}}},"fnMap":{},"branchMap":{},"s":{"0":1,"1":1,"2":1,"3":1,"4":1,"5":1,"6":1,"7":1},"f":{},"b":{},"inputSourceMap":null,"_coverageSchema":"1a1c01bbd47fc00a2c39e90264f33305004495a9","hash":"3c9d4c2355c9181171608e58acd796724eec0d1a"}
,"/home/chetan/Personal-Projects/MedicalApp/backend/server/routes/notification.routes.js": {"path":"/home/chetan/Personal-Projects/MedicalApp/backend/server/routes/notification.routes.js","statementMap":{"0":{"start":{"line":5,"column":15},"end":{"line":5,"column":31}},"1":{"start":{"line":7,"column":0},"end":{"line":8,"column":34}},"2":{"start":{"line":10,"column":0},"end":{"line":11,"column":36}}},"fnMap":{},"branchMap":{},"s":{"0":1,"1":1,"2":1},"f":{},"b":{},"inputSourceMap":null,"_coverageSchema":"1a1c01bbd47fc00a2c39e90264f33305004495a9","hash":"0b2e2c1a120ce4dd97c9481712e3ba39de2a3d93"}
,"/home/chetan/Personal-Projects/MedicalApp/backend/server/routes/schedule.routes.js": {"path":"/home/chetan/Personal-Projects/MedicalApp/backend/server/routes/schedule.routes.js","statementMap":{"0":{"start":{"line":9,"column":15},"end":{"line":9,"column":31}},"1":{"start":{"line":11,"column":0},"end":{"line":13,"column":80}},"2":{"start":{"line":15,"column":0},"end":{"line":16,"column":26}}},"fnMap":{},"branchMap":{},"s":{"0":1,"1":1,"2":1},"f":{},"b":{},"inputSourceMap":null,"_coverageSchema":"1a1c01bbd47fc00a2c39e90264f33305004495a9","hash":"4cb786d7b558b8f3251e75f6196c8ac4c11c0f6d"}
,"/home/chetan/Personal-Projects/MedicalApp/backend/server/routes/setting.routes.js": {"path":"/home/chetan/Personal-Projects/MedicalApp/backend/server/routes/setting.routes.js","statementMap":{"0":{"start":{"line":8,"column":15},"end":{"line":8,"column":31}},"1":{"start":{"line":10,"column":0},"end":{"line":12,"column":71}}},"fnMap":{},"branchMap":{},"s":{"0":1,"1":1},"f":{},"b":{},"inputSourceMap":null,"_coverageSchema":"1a1c01bbd47fc00a2c39e90264f33305004495a9","hash":"ca3a84f7dcf26faa5f5deabfc462f757d3508141"}
,"/home/chetan/Personal-Projects/MedicalApp/backend/server/routes/user.routes.js": {"path":"/home/chetan/Personal-Projects/MedicalApp/backend/server/routes/user.routes.js","statementMap":{"0":{"start":{"line":12,"column":15},"end":{"line":12,"column":31}},"1":{"start":{"line":14,"column":0},"end":{"line":16,"column":95}},"2":{"start":{"line":18,"column":0},"end":{"line":19,"column":19}},"3":{"start":{"line":21,"column":0},"end":{"line":22,"column":79}},"4":{"start":{"line":24,"column":0},"end":{"line":25,"column":83}}},"fnMap":{},"branchMap":{},"s":{"0":1,"1":1,"2":1,"3":1,"4":1},"f":{},"b":{},"inputSourceMap":null,"_coverageSchema":"1a1c01bbd47fc00a2c39e90264f33305004495a9","hash":"37845a2fa46821693880a49983061f73c7b556e9"}
,"/home/chetan/Personal-Projects/MedicalApp/backend/server/utils/mailer.js": {"path":"/home/chetan/Personal-Projects/MedicalApp/backend/server/utils/mailer.js","statementMap":{"0":{"start":{"line":2,"column":24},"end":{"line":9,"column":1}},"1":{"start":{"line":3,"column":2},"end":{"line":3,"column":85}},"2":{"start":{"line":4,"column":2},"end":{"line":4,"column":34}},"3":{"start":{"line":5,"column":2},"end":{"line":5,"column":39}},"4":{"start":{"line":6,"column":2},"end":{"line":6,"column":90}},"5":{"start":{"line":7,"column":2},"end":{"line":7,"column":85}},"6":{"start":{"line":8,"column":2},"end":{"line":8,"column":60}},"7":{"start":{"line":11,"column":39},"end":{"line":60,"column":1}},"8":{"start":{"line":12,"column":23},"end":{"line":12,"column":36}},"9":{"start":{"line":13,"column":22},"end":{"line":13,"column":34}},"10":{"start":{"line":14,"column":24},"end":{"line":14,"column":65}},"11":{"start":{"line":15,"column":15},"end":{"line":15,"column":66}},"12":{"start":{"line":17,"column":16},"end":{"line":17,"column":18}},"13":{"start":{"line":18,"column":13},"end":{"line":18,"column":15}},"14":{"start":{"line":20,"column":2},"end":{"line":46,"column":3}},"15":{"start":{"line":21,"column":4},"end":{"line":21,"column":55}},"16":{"start":{"line":22,"column":4},"end":{"line":29,"column":6}},"17":{"start":{"line":30,"column":9},"end":{"line":46,"column":3}},"18":{"start":{"line":31,"column":4},"end":{"line":31,"column":55}},"19":{"start":{"line":32,"column":4},"end":{"line":36,"column":6}},"20":{"start":{"line":37,"column":9},"end":{"line":46,"column":3}},"21":{"start":{"line":38,"column":4},"end":{"line":38,"column":57}},"22":{"start":{"line":39,"column":4},"end":{"line":45,"column":6}},"23":{"start":{"line":49,"column":2},"end":{"line":49,"column":54}},"24":{"start":{"line":52,"column":21},"end":{"line":52,"column":55}},"25":{"start":{"line":53,"column":18},"end":{"line":58,"column":3}},"26":{"start":{"line":59,"column":2},"end":{"line":59,"column":74}}},"fnMap":{"0":{"name":"(anonymous_0)","decl":{"start":{"line":2,"column":24},"end":{"line":2,"column":25}},"loc":{"start":{"line":2,"column":57},"end":{"line":9,"column":1}},"line":2},"1":{"name":"(anonymous_1)","decl":{"start":{"line":11,"column":39},"end":{"line":11,"column":40}},"loc":{"start":{"line":11,"column":107},"end":{"line":60,"column":1}},"line":11}},"branchMap":{"0":{"loc":{"start":{"line":11,"column":84},"end":{"line":11,"column":102}},"type":"default-arg","locations":[{"start":{"line":11,"column":93},"end":{"line":11,"column":102}}],"line":11},"1":{"loc":{"start":{"line":20,"column":2},"end":{"line":46,"column":3}},"type":"if","locations":[{"start":{"line":20,"column":2},"end":{"line":46,"column":3}},{"start":{"line":30,"column":9},"end":{"line":46,"column":3}}],"line":20},"2":{"loc":{"start":{"line":30,"column":9},"end":{"line":46,"column":3}},"type":"if","locations":[{"start":{"line":30,"column":9},"end":{"line":46,"column":3}},{"start":{"line":37,"column":9},"end":{"line":46,"column":3}}],"line":30},"3":{"loc":{"start":{"line":37,"column":9},"end":{"line":46,"column":3}},"type":"if","locations":[{"start":{"line":37,"column":9},"end":{"line":46,"column":3}},{"start":{},"end":{}}],"line":37}},"s":{"0":1,"1":9,"2":9,"3":9,"4":9,"5":9,"6":9,"7":1,"8":4,"9":4,"10":4,"11":4,"12":4,"13":4,"14":4,"15":3,"16":3,"17":1,"18":0,"19":0,"20":1,"21":1,"22":1,"23":4,"24":4,"25":4,"26":4},"f":{"0":9,"1":4},"b":{"0":[0],"1":[3,1],"2":[0,1],"3":[1,0]},"inputSourceMap":null,"_coverageSchema":"1a1c01bbd47fc00a2c39e90264f33305004495a9","hash":"f824b041db98fc823af904c6150cb83b3b5db06c"}
}
