TN:
SF:server/app.js
FN:29,(anonymous_0)
FN:51,(anonymous_1)
FN:56,(anonymous_2)
FNF:3
FNH:1
FNDA:81,(anonymous_0)
FNDA:0,(anonymous_1)
FNDA:0,(anonymous_2)
DA:15,1
DA:18,1
DA:24,1
DA:25,1
DA:26,1
DA:29,1
DA:31,81
DA:34,81
DA:35,11
DA:38,70
DA:42,1
DA:43,1
DA:44,1
DA:45,1
DA:46,1
DA:47,1
DA:48,1
DA:51,1
DA:52,0
DA:56,1
DA:57,0
DA:58,0
LF:22
LH:19
BRDA:31,0,0,81
BRDA:31,0,1,10
BRDA:31,0,2,71
BRDA:31,0,3,4
BRDA:34,1,0,11
BRDA:34,1,1,70
BRDA:58,2,0,0
BRDA:58,2,1,0
BRDA:59,3,0,0
BRDA:59,3,1,0
BRF:10
BRH:6
end_of_record
TN:
SF:server/controllers/appointment.controller.js
FN:8,(anonymous_0)
FN:16,(anonymous_1)
FN:21,(anonymous_2)
FN:38,(anonymous_3)
FN:51,(anonymous_4)
FN:64,(anonymous_5)
FN:73,(anonymous_6)
FN:112,(anonymous_7)
FN:173,(anonymous_8)
FN:221,(anonymous_9)
FN:269,(anonymous_10)
FN:331,(anonymous_11)
FN:359,(anonymous_12)
FNF:13
FNH:13
FNDA:6,(anonymous_0)
FNDA:12,(anonymous_1)
FNDA:9,(anonymous_2)
FNDA:1,(anonymous_3)
FNDA:1,(anonymous_4)
FNDA:7,(anonymous_5)
FNDA:6,(anonymous_6)
FNDA:8,(anonymous_7)
FNDA:1,(anonymous_8)
FNDA:2,(anonymous_9)
FNDA:1,(anonymous_10)
FNDA:2,(anonymous_11)
FNDA:2,(anonymous_12)
DA:8,1
DA:9,6
DA:10,6
DA:11,6
DA:12,6
DA:16,1
DA:17,12
DA:21,1
DA:22,9
DA:23,9
DA:24,9
DA:27,9
DA:28,9
DA:29,0
DA:33,9
DA:34,0
DA:38,9
DA:39,1
DA:40,1
DA:46,9
DA:47,1
DA:51,8
DA:52,1
DA:53,1
DA:54,1
DA:55,1
DA:56,1
DA:58,8
DA:59,1
DA:63,7
DA:64,7
DA:65,7
DA:66,1
DA:69,6
DA:70,6
DA:73,6
DA:74,6
DA:77,6
DA:78,1
DA:82,5
DA:102,5
DA:103,1
DA:106,4
DA:112,1
DA:113,8
DA:114,8
DA:115,8
DA:117,8
DA:118,0
DA:123,8
DA:124,7
DA:127,1
DA:128,1
DA:129,0
DA:135,8
DA:136,8
DA:138,5
DA:141,3
DA:143,3
DA:155,3
DA:156,3
DA:157,3
DA:159,3
DA:160,3
DA:163,3
DA:165,0
DA:166,0
DA:173,1
DA:174,1
DA:175,1
DA:178,1
DA:179,1
DA:180,0
DA:181,0
DA:182,0
DA:183,0
DA:184,0
DA:185,0
DA:187,0
DA:188,0
DA:193,1
DA:194,0
DA:195,0
DA:196,0
DA:197,0
DA:201,1
DA:202,1
DA:205,1
DA:211,1
DA:213,0
DA:214,0
DA:221,1
DA:222,2
DA:223,2
DA:224,2
DA:225,0
DA:229,2
DA:230,2
DA:231,1
DA:233,0
DA:234,0
DA:235,0
DA:239,1
DA:240,0
DA:243,1
DA:244,1
DA:247,0
DA:248,0
DA:251,0
DA:252,0
DA:253,0
DA:255,0
DA:256,0
DA:259,0
DA:261,0
DA:262,0
DA:269,1
DA:270,1
DA:271,1
DA:272,1
DA:273,0
DA:276,1
DA:277,1
DA:278,0
DA:282,1
DA:283,1
DA:284,0
DA:286,0
DA:287,0
DA:288,0
DA:292,1
DA:293,0
DA:298,1
DA:299,1
DA:301,0
DA:304,1
DA:306,1
DA:307,1
DA:308,1
DA:309,1
DA:310,1
DA:313,1
DA:314,1
DA:315,1
DA:317,1
DA:318,1
DA:321,1
DA:323,0
DA:324,0
DA:331,1
DA:332,2
DA:333,2
DA:334,2
DA:335,0
DA:338,2
DA:339,0
DA:342,2
DA:343,1
DA:346,1
DA:347,1
DA:349,1
DA:351,0
DA:352,0
DA:359,1
DA:360,2
DA:361,2
DA:362,2
DA:363,0
DA:366,2
DA:367,0
DA:370,2
DA:371,1
DA:374,1
DA:375,1
DA:376,1
DA:377,1
DA:379,1
DA:381,1
DA:383,0
DA:384,0
LF:180
LH:127
BRDA:28,0,0,0
BRDA:28,0,1,9
BRDA:33,1,0,0
BRDA:33,1,1,9
BRDA:41,2,0,1
BRDA:41,2,1,1
BRDA:41,2,2,1
BRDA:46,3,0,1
BRDA:46,3,1,8
BRDA:56,4,0,1
BRDA:56,4,1,1
BRDA:58,5,0,1
BRDA:58,5,1,7
BRDA:65,6,0,1
BRDA:65,6,1,6
BRDA:65,7,0,7
BRDA:65,7,1,6
BRDA:65,7,2,6
BRDA:74,8,0,6
BRDA:74,8,1,6
BRDA:77,9,0,1
BRDA:77,9,1,5
BRDA:102,10,0,1
BRDA:102,10,1,4
BRDA:115,11,0,8
BRDA:115,11,1,0
BRDA:117,12,0,0
BRDA:117,12,1,8
BRDA:117,13,0,8
BRDA:117,13,1,8
BRDA:117,13,2,8
BRDA:117,13,3,8
BRDA:123,14,0,7
BRDA:123,14,1,1
BRDA:128,15,0,0
BRDA:128,15,1,1
BRDA:159,16,0,3
BRDA:159,16,1,0
BRDA:159,17,0,3
BRDA:159,17,1,3
BRDA:159,17,2,3
BRDA:178,18,0,1
BRDA:178,18,1,0
BRDA:180,19,0,0
BRDA:180,19,1,0
BRDA:183,20,0,0
BRDA:183,20,1,0
BRDA:185,21,0,0
BRDA:185,21,1,0
BRDA:187,22,0,0
BRDA:187,22,1,0
BRDA:193,23,0,0
BRDA:193,23,1,1
BRDA:201,24,0,1
BRDA:201,24,1,0
BRDA:224,25,0,0
BRDA:224,25,1,2
BRDA:229,26,0,2
BRDA:229,26,1,0
BRDA:230,27,0,1
BRDA:230,27,1,1
BRDA:233,28,0,0
BRDA:233,28,1,0
BRDA:234,29,0,0
BRDA:234,29,1,0
BRDA:239,30,0,0
BRDA:239,30,1,1
BRDA:243,31,0,1
BRDA:243,31,1,0
BRDA:255,32,0,0
BRDA:255,32,1,0
BRDA:255,33,0,0
BRDA:255,33,1,0
BRDA:255,33,2,0
BRDA:272,34,0,0
BRDA:272,34,1,1
BRDA:272,35,0,1
BRDA:272,35,1,1
BRDA:277,36,0,0
BRDA:277,36,1,1
BRDA:282,37,0,1
BRDA:282,37,1,0
BRDA:283,38,0,0
BRDA:283,38,1,1
BRDA:286,39,0,0
BRDA:286,39,1,0
BRDA:287,40,0,0
BRDA:287,40,1,0
BRDA:292,41,0,0
BRDA:292,41,1,1
BRDA:292,42,0,1
BRDA:292,42,1,1
BRDA:317,43,0,1
BRDA:317,43,1,0
BRDA:317,44,0,1
BRDA:317,44,1,1
BRDA:317,44,2,1
BRDA:334,45,0,0
BRDA:334,45,1,2
BRDA:338,46,0,0
BRDA:338,46,1,2
BRDA:342,47,0,1
BRDA:342,47,1,1
BRDA:342,48,0,2
BRDA:342,48,1,1
BRDA:362,49,0,0
BRDA:362,49,1,2
BRDA:366,50,0,0
BRDA:366,50,1,2
BRDA:370,51,0,1
BRDA:370,51,1,1
BRDA:370,52,0,2
BRDA:370,52,1,2
BRDA:376,53,0,1
BRDA:376,53,1,0
BRF:115
BRH:70
end_of_record
TN:
SF:server/controllers/auth.controller.js
FN:7,(anonymous_0)
FN:16,(anonymous_1)
FN:27,(anonymous_2)
FN:71,(anonymous_3)
FN:135,(anonymous_4)
FN:195,(anonymous_5)
FN:214,(anonymous_6)
FN:237,(anonymous_7)
FN:311,(anonymous_8)
FN:367,(anonymous_9)
FN:407,(anonymous_10)
FN:455,(anonymous_11)
FN:487,(anonymous_12)
FN:548,(anonymous_13)
FN:626,(anonymous_14)
FNF:15
FNH:14
FNDA:12,(anonymous_0)
FNDA:12,(anonymous_1)
FNDA:1,(anonymous_2)
FNDA:10,(anonymous_3)
FNDA:1,(anonymous_4)
FNDA:1,(anonymous_5)
FNDA:0,(anonymous_6)
FNDA:2,(anonymous_7)
FNDA:1,(anonymous_8)
FNDA:1,(anonymous_9)
FNDA:1,(anonymous_10)
FNDA:1,(anonymous_11)
FNDA:2,(anonymous_12)
FNDA:5,(anonymous_13)
FNDA:2,(anonymous_14)
DA:7,1
DA:8,12
DA:16,1
DA:17,12
DA:27,1
DA:28,1
DA:29,1
DA:32,1
DA:33,1
DA:34,0
DA:38,1
DA:39,1
DA:42,1
DA:55,1
DA:57,1
DA:63,0
DA:64,0
DA:71,1
DA:72,10
DA:73,10
DA:76,10
DA:77,1
DA:81,9
DA:82,9
DA:83,0
DA:87,9
DA:88,1
DA:91,8
DA:92,1
DA:96,7
DA:97,7
DA:98,1
DA:102,6
DA:103,6
DA:106,6
DA:113,6
DA:127,0
DA:128,0
DA:135,1
DA:136,1
DA:137,1
DA:139,1
DA:140,0
DA:145,1
DA:146,1
DA:148,0
DA:152,1
DA:153,1
DA:154,0
DA:157,1
DA:158,0
DA:162,1
DA:163,1
DA:166,1
DA:173,1
DA:187,0
DA:188,0
DA:195,1
DA:196,1
DA:197,1
DA:202,1
DA:204,0
DA:205,0
DA:214,1
DA:215,0
DA:216,0
DA:229,0
DA:230,0
DA:237,1
DA:238,2
DA:239,2
DA:241,2
DA:242,0
DA:246,2
DA:247,2
DA:249,2
DA:253,2
DA:254,0
DA:255,0
DA:258,2
DA:259,1
DA:264,1
DA:265,1
DA:266,0
DA:270,1
DA:280,1
DA:281,1
DA:283,1
DA:290,1
DA:303,0
DA:304,0
DA:311,1
DA:312,1
DA:313,1
DA:315,1
DA:316,0
DA:319,1
DA:321,1
DA:323,0
DA:327,1
DA:330,1
DA:333,1
DA:335,1
DA:343,1
DA:344,1
DA:350,1
DA:352,0
DA:353,0
DA:354,0
DA:355,0
DA:356,0
DA:359,0
DA:360,0
DA:367,1
DA:368,1
DA:369,1
DA:371,1
DA:372,0
DA:376,1
DA:381,1
DA:386,1
DA:387,0
DA:391,1
DA:392,1
DA:393,1
DA:395,1
DA:397,1
DA:399,0
DA:400,0
DA:407,1
DA:408,1
DA:409,1
DA:411,1
DA:412,0
DA:415,1
DA:417,1
DA:418,1
DA:419,1
DA:420,0
DA:423,1
DA:424,0
DA:425,0
DA:426,0
DA:428,0
DA:431,1
DA:433,1
DA:447,0
DA:448,0
DA:455,1
DA:456,1
DA:457,1
DA:459,1
DA:460,0
DA:463,1
DA:465,1
DA:466,0
DA:469,1
DA:470,1
DA:471,0
DA:474,1
DA:475,1
DA:477,1
DA:479,0
DA:480,0
DA:487,1
DA:488,2
DA:489,2
DA:491,2
DA:492,0
DA:495,2
DA:497,2
DA:498,0
DA:501,2
DA:502,0
DA:506,2
DA:507,1
DA:511,1
DA:512,1
DA:513,1
DA:516,1
DA:517,1
DA:520,1
DA:527,1
DA:540,0
DA:541,0
DA:548,1
DA:549,5
DA:550,5
DA:552,5
DA:553,0
DA:556,5
DA:558,5
DA:559,0
DA:563,5
DA:564,2
DA:570,3
DA:571,3
DA:573,3
DA:574,1
DA:577,2
DA:578,2
DA:579,0
DA:582,2
DA:583,2
DA:584,0
DA:588,2
DA:589,2
DA:592,2
DA:593,2
DA:595,2
DA:602,2
DA:618,0
DA:619,0
DA:626,1
DA:627,2
DA:628,2
DA:630,2
DA:631,0
DA:634,2
DA:636,2
DA:637,0
DA:640,2
DA:641,1
DA:645,1
DA:646,1
DA:648,1
DA:655,1
DA:671,0
DA:672,0
LF:229
LH:164
BRDA:10,0,0,12
BRDA:10,0,1,12
BRDA:11,1,0,12
BRDA:11,1,1,12
BRDA:19,2,0,12
BRDA:19,2,1,12
BRDA:20,3,0,12
BRDA:20,3,1,12
BRDA:33,4,0,0
BRDA:33,4,1,1
BRDA:76,5,0,1
BRDA:76,5,1,9
BRDA:76,6,0,10
BRDA:76,6,1,10
BRDA:82,7,0,0
BRDA:82,7,1,9
BRDA:87,8,0,1
BRDA:87,8,1,8
BRDA:91,9,0,1
BRDA:91,9,1,7
BRDA:91,10,0,8
BRDA:91,10,1,8
BRDA:97,11,0,1
BRDA:97,11,1,6
BRDA:139,12,0,0
BRDA:139,12,1,1
BRDA:146,13,0,1
BRDA:146,13,1,1
BRDA:153,14,0,0
BRDA:153,14,1,1
BRDA:157,15,0,0
BRDA:157,15,1,1
BRDA:157,16,0,1
BRDA:157,16,1,1
BRDA:241,17,0,0
BRDA:241,17,1,2
BRDA:241,18,0,2
BRDA:241,18,1,2
BRDA:241,18,2,2
BRDA:241,18,3,2
BRDA:253,19,0,0
BRDA:253,19,1,2
BRDA:254,20,0,0
BRDA:254,20,1,0
BRDA:258,21,0,1
BRDA:258,21,1,1
BRDA:265,22,0,0
BRDA:265,22,1,1
BRDA:315,23,0,0
BRDA:315,23,1,1
BRDA:321,24,0,0
BRDA:321,24,1,1
BRDA:371,25,0,0
BRDA:371,25,1,1
BRDA:371,26,0,1
BRDA:371,26,1,1
BRDA:386,27,0,0
BRDA:386,27,1,1
BRDA:411,28,0,0
BRDA:411,28,1,1
BRDA:417,29,0,1
BRDA:417,29,1,0
BRDA:418,30,0,1
BRDA:418,30,1,0
BRDA:419,31,0,0
BRDA:419,31,1,1
BRDA:419,32,0,1
BRDA:419,32,1,0
BRDA:423,33,0,0
BRDA:423,33,1,1
BRDA:423,34,0,1
BRDA:423,34,1,0
BRDA:425,35,0,0
BRDA:425,35,1,0
BRDA:459,36,0,0
BRDA:459,36,1,1
BRDA:459,37,0,1
BRDA:459,37,1,1
BRDA:465,38,0,0
BRDA:465,38,1,1
BRDA:470,39,0,0
BRDA:470,39,1,1
BRDA:491,40,0,0
BRDA:491,40,1,2
BRDA:491,41,0,2
BRDA:491,41,1,2
BRDA:497,42,0,0
BRDA:497,42,1,2
BRDA:501,43,0,0
BRDA:501,43,1,2
BRDA:506,44,0,1
BRDA:506,44,1,1
BRDA:506,45,0,2
BRDA:506,45,1,2
BRDA:506,45,2,1
BRDA:552,46,0,0
BRDA:552,46,1,5
BRDA:558,47,0,0
BRDA:558,47,1,5
BRDA:563,48,0,2
BRDA:563,48,1,3
BRDA:573,49,0,1
BRDA:573,49,1,2
BRDA:577,50,0,2
BRDA:577,50,1,2
BRDA:578,51,0,0
BRDA:578,51,1,2
BRDA:583,52,0,0
BRDA:583,52,1,2
BRDA:583,53,0,2
BRDA:583,53,1,2
BRDA:630,54,0,0
BRDA:630,54,1,2
BRDA:636,55,0,0
BRDA:636,55,1,2
BRDA:640,56,0,1
BRDA:640,56,1,1
BRF:117
BRH:82
end_of_record
TN:
SF:server/controllers/clinic.controller.js
FN:8,(anonymous_0)
FN:51,(anonymous_1)
FN:80,(anonymous_2)
FN:107,(anonymous_3)
FN:160,(anonymous_4)
FN:184,(anonymous_5)
FN:231,(anonymous_6)
FNF:7
FNH:6
FNDA:4,(anonymous_0)
FNDA:1,(anonymous_1)
FNDA:1,(anonymous_2)
FNDA:3,(anonymous_3)
FNDA:3,(anonymous_4)
FNDA:2,(anonymous_5)
FNDA:0,(anonymous_6)
DA:8,1
DA:9,4
DA:10,4
DA:12,4
DA:13,1
DA:17,3
DA:18,3
DA:19,1
DA:23,2
DA:24,2
DA:25,1
DA:28,1
DA:41,1
DA:43,0
DA:44,0
DA:51,1
DA:52,1
DA:53,1
DA:54,1
DA:56,1
DA:57,1
DA:58,0
DA:62,1
DA:63,1
DA:64,1
DA:65,1
DA:66,1
DA:67,1
DA:69,1
DA:70,1
DA:72,0
DA:73,0
DA:80,1
DA:81,1
DA:82,1
DA:83,1
DA:85,1
DA:86,0
DA:89,1
DA:90,1
DA:91,0
DA:94,1
DA:95,1
DA:97,1
DA:99,0
DA:100,0
DA:107,1
DA:108,3
DA:109,3
DA:110,3
DA:111,1
DA:114,2
DA:115,1
DA:120,1
DA:121,1
DA:122,0
DA:126,1
DA:128,1
DA:138,1
DA:139,1
DA:141,1
DA:152,0
DA:153,0
DA:160,1
DA:161,3
DA:162,3
DA:163,3
DA:164,1
DA:167,2
DA:168,1
DA:171,1
DA:172,1
DA:174,1
DA:176,0
DA:177,0
DA:184,1
DA:185,2
DA:186,2
DA:187,2
DA:190,2
DA:191,2
DA:192,2
DA:193,1
DA:194,1
DA:195,1
DA:196,1
DA:197,1
DA:198,1
DA:205,2
DA:206,1
DA:207,0
DA:210,1
DA:213,2
DA:214,0
DA:216,2
DA:217,0
DA:220,2
DA:221,2
DA:223,0
DA:224,0
DA:231,1
DA:232,0
DA:233,0
DA:234,0
DA:235,0
DA:237,0
DA:239,0
DA:240,0
LF:108
LH:82
BRDA:12,0,0,1
BRDA:12,0,1,3
BRDA:12,1,0,4
BRDA:12,1,1,4
BRDA:12,1,2,3
BRDA:12,1,3,3
BRDA:12,1,4,3
BRDA:12,1,5,3
BRDA:12,1,6,3
BRDA:12,1,7,3
BRDA:12,1,8,3
BRDA:18,2,0,1
BRDA:18,2,1,2
BRDA:24,3,0,1
BRDA:24,3,1,1
BRDA:57,4,0,0
BRDA:57,4,1,1
BRDA:62,5,0,1
BRDA:62,5,1,0
BRDA:63,6,0,0
BRDA:63,6,1,1
BRDA:64,7,0,0
BRDA:64,7,1,1
BRDA:65,8,0,0
BRDA:65,8,1,1
BRDA:66,9,0,1
BRDA:66,9,1,0
BRDA:67,10,0,0
BRDA:67,10,1,1
BRDA:85,11,0,0
BRDA:85,11,1,1
BRDA:90,12,0,0
BRDA:90,12,1,1
BRDA:110,13,0,1
BRDA:110,13,1,2
BRDA:114,14,0,1
BRDA:114,14,1,1
BRDA:121,15,0,0
BRDA:121,15,1,1
BRDA:163,16,0,1
BRDA:163,16,1,2
BRDA:167,17,0,1
BRDA:167,17,1,1
BRDA:192,18,0,1
BRDA:192,18,1,1
BRDA:192,19,0,2
BRDA:192,19,1,1
BRDA:195,20,0,1
BRDA:195,20,1,1
BRDA:197,21,0,1
BRDA:197,21,1,0
BRDA:197,22,0,1
BRDA:197,22,1,1
BRDA:205,23,0,1
BRDA:205,23,1,1
BRDA:206,24,0,0
BRDA:206,24,1,1
BRDA:213,25,0,0
BRDA:213,25,1,2
BRDA:216,26,0,0
BRDA:216,26,1,2
BRDA:234,27,0,0
BRDA:234,27,1,0
BRF:63
BRH:47
end_of_record
TN:
SF:server/controllers/notification.controller.js
FN:6,(anonymous_0)
FN:21,(anonymous_1)
FNF:2
FNH:2
FNDA:1,(anonymous_0)
FNDA:2,(anonymous_1)
DA:6,1
DA:7,1
DA:8,1
DA:11,1
DA:13,0
DA:14,0
DA:21,1
DA:22,2
DA:23,2
DA:28,2
DA:29,1
DA:31,1
DA:33,0
DA:34,0
LF:14
LH:10
BRDA:28,0,0,1
BRDA:28,0,1,1
BRF:2
BRH:2
end_of_record
TN:
SF:server/controllers/schedule.controller.js
FN:6,(anonymous_0)
FN:14,(anonymous_1)
FN:21,(anonymous_2)
FN:47,(anonymous_3)
FN:97,(anonymous_4)
FN:121,(anonymous_5)
FN:135,(anonymous_6)
FN:149,(anonymous_7)
FN:174,(anonymous_8)
FNF:9
FNH:5
FNDA:13,(anonymous_0)
FNDA:7,(anonymous_1)
FNDA:0,(anonymous_2)
FNDA:1,(anonymous_3)
FNDA:2,(anonymous_4)
FNDA:0,(anonymous_5)
FNDA:0,(anonymous_6)
FNDA:1,(anonymous_7)
FNDA:0,(anonymous_8)
DA:6,1
DA:7,13
DA:8,13
DA:9,13
DA:10,13
DA:14,1
DA:15,7
DA:21,1
DA:22,0
DA:23,0
DA:24,0
DA:26,0
DA:28,0
DA:37,0
DA:39,0
DA:40,0
DA:47,1
DA:48,1
DA:49,1
DA:50,1
DA:52,1
DA:53,1
DA:54,0
DA:58,1
DA:59,1
DA:60,0
DA:62,0
DA:63,0
DA:64,0
DA:68,1
DA:70,1
DA:71,0
DA:72,0
DA:73,0
DA:74,0
DA:75,0
DA:77,1
DA:87,1
DA:89,0
DA:90,0
DA:97,1
DA:98,2
DA:99,2
DA:100,2
DA:102,2
DA:103,0
DA:106,2
DA:107,2
DA:108,0
DA:112,2
DA:113,2
DA:115,2
DA:116,2
DA:117,1
DA:121,1
DA:122,0
DA:123,0
DA:130,1
DA:131,0
DA:135,1
DA:136,0
DA:137,0
DA:138,0
DA:139,0
DA:140,0
DA:143,1
DA:144,0
DA:148,1
DA:149,1
DA:151,1
DA:152,0
DA:156,1
DA:163,1
DA:164,1
DA:166,1
DA:167,1
DA:168,1
DA:170,1
DA:171,6
DA:174,6
DA:178,0
DA:185,6
DA:191,6
DA:195,1
DA:197,0
DA:198,0
LF:86
LH:51
BRDA:26,0,0,0
BRDA:26,0,1,0
BRDA:53,1,0,0
BRDA:53,1,1,1
BRDA:53,2,0,1
BRDA:53,2,1,1
BRDA:58,3,0,1
BRDA:58,3,1,0
BRDA:59,4,0,0
BRDA:59,4,1,1
BRDA:62,5,0,0
BRDA:62,5,1,0
BRDA:63,6,0,0
BRDA:63,6,1,0
BRDA:70,7,0,0
BRDA:70,7,1,1
BRDA:71,8,0,0
BRDA:71,8,1,0
BRDA:72,9,0,0
BRDA:72,9,1,0
BRDA:73,10,0,0
BRDA:73,10,1,0
BRDA:74,11,0,0
BRDA:74,11,1,0
BRDA:80,12,0,1
BRDA:80,12,1,0
BRDA:81,13,0,1
BRDA:81,13,1,0
BRDA:82,14,0,1
BRDA:82,14,1,0
BRDA:83,15,0,1
BRDA:83,15,1,0
BRDA:102,16,0,0
BRDA:102,16,1,2
BRDA:107,17,0,0
BRDA:107,17,1,2
BRDA:116,18,0,1
BRDA:116,18,1,1
BRDA:124,19,0,0
BRDA:124,19,1,0
BRDA:124,19,2,0
BRDA:130,20,0,0
BRDA:130,20,1,1
BRDA:140,21,0,0
BRDA:140,21,1,0
BRDA:143,22,0,0
BRDA:143,22,1,1
BRDA:151,23,0,0
BRDA:151,23,1,1
BRDA:151,24,0,1
BRDA:151,24,1,1
BRDA:151,24,2,1
BRDA:179,25,0,0
BRDA:179,25,1,0
BRDA:179,25,2,0
BRDA:179,25,3,0
BRDA:179,25,4,0
BRDA:179,25,5,0
BRF:58
BRH:20
end_of_record
TN:
SF:server/controllers/setting.controller.js
FN:7,(anonymous_0)
FN:23,(anonymous_1)
FNF:2
FNH:2
FNDA:1,(anonymous_0)
FNDA:3,(anonymous_1)
DA:7,1
DA:8,1
DA:9,1
DA:10,1
DA:11,1
DA:13,1
DA:15,0
DA:16,0
DA:23,1
DA:24,3
DA:25,3
DA:27,3
DA:28,1
DA:31,2
DA:32,2
DA:33,0
DA:36,2
DA:37,2
DA:38,2
DA:41,2
DA:43,2
DA:45,0
DA:46,0
LF:23
LH:18
BRDA:10,0,0,1
BRDA:10,0,1,0
BRDA:27,1,0,1
BRDA:27,1,1,2
BRDA:32,2,0,0
BRDA:32,2,1,2
BRF:6
BRH:4
end_of_record
TN:
SF:server/controllers/user.controller.js
FN:6,(anonymous_0)
FN:66,(anonymous_1)
FN:85,(anonymous_2)
FN:111,(anonymous_3)
FN:148,(anonymous_4)
FNF:5
FNH:4
FNDA:4,(anonymous_0)
FNDA:1,(anonymous_1)
FNDA:0,(anonymous_2)
FNDA:3,(anonymous_3)
FNDA:2,(anonymous_4)
DA:6,1
DA:7,4
DA:8,4
DA:9,4
DA:12,4
DA:14,4
DA:15,1
DA:17,0
DA:19,0
DA:20,0
DA:21,0
DA:22,0
DA:28,3
DA:29,3
DA:30,1
DA:33,2
DA:44,2
DA:58,0
DA:59,0
DA:66,1
DA:67,1
DA:68,1
DA:70,1
DA:71,0
DA:74,1
DA:75,1
DA:77,0
DA:78,0
DA:85,1
DA:86,0
DA:87,0
DA:88,0
DA:90,0
DA:91,0
DA:93,0
DA:94,0
DA:97,0
DA:101,0
DA:103,0
DA:104,0
DA:111,1
DA:112,3
DA:113,3
DA:114,3
DA:116,3
DA:117,0
DA:120,3
DA:121,3
DA:122,0
DA:126,3
DA:127,3
DA:128,1
DA:130,2
DA:131,1
DA:135,1
DA:136,1
DA:138,1
DA:140,0
DA:141,0
DA:148,1
DA:149,2
DA:150,2
DA:151,2
DA:152,1
DA:155,1
DA:164,1
DA:166,0
DA:167,0
LF:68
LH:41
BRDA:12,0,0,4
BRDA:12,0,1,0
BRDA:14,1,0,1
BRDA:14,1,1,3
BRDA:17,2,0,0
BRDA:17,2,1,0
BRDA:19,3,0,0
BRDA:19,3,1,0
BRDA:21,4,0,0
BRDA:21,4,1,0
BRDA:29,5,0,1
BRDA:29,5,1,2
BRDA:40,6,0,1
BRDA:40,6,1,1
BRDA:70,7,0,0
BRDA:70,7,1,1
BRDA:90,8,0,0
BRDA:90,8,1,0
BRDA:93,9,0,0
BRDA:93,9,1,0
BRDA:116,10,0,0
BRDA:116,10,1,3
BRDA:121,11,0,0
BRDA:121,11,1,3
BRDA:126,12,0,3
BRDA:126,12,1,0
BRDA:127,13,0,1
BRDA:127,13,1,2
BRDA:127,14,0,3
BRDA:127,14,1,3
BRDA:130,15,0,1
BRDA:130,15,1,1
BRDA:130,16,0,2
BRDA:130,16,1,1
BRDA:151,17,0,1
BRDA:151,17,1,1
BRF:36
BRH:21
end_of_record
TN:
SF:server/middleware/auth.js
FN:5,(anonymous_0)
FN:42,(anonymous_1)
FN:43,(anonymous_2)
FNF:3
FNH:3
FNDA:52,(anonymous_0)
FNDA:15,(anonymous_1)
FNDA:38,(anonymous_2)
DA:5,1
DA:8,52
DA:12,52
DA:13,52
DA:16,52
DA:19,52
DA:21,52
DA:22,0
DA:25,52
DA:26,0
DA:29,52
DA:31,0
DA:32,0
DA:36,52
DA:37,0
DA:42,1
DA:43,15
DA:44,38
DA:45,1
DA:49,37
LF:20
LH:15
BRDA:8,0,0,52
BRDA:8,0,1,0
BRDA:9,1,0,52
BRDA:9,1,1,52
BRDA:16,2,0,52
BRDA:16,2,1,52
BRDA:21,3,0,0
BRDA:21,3,1,52
BRDA:25,4,0,0
BRDA:25,4,1,52
BRDA:25,5,0,52
BRDA:25,5,1,52
BRDA:25,5,2,52
BRDA:36,6,0,0
BRDA:36,6,1,52
BRDA:44,7,0,1
BRDA:44,7,1,37
BRDA:44,8,0,38
BRDA:44,8,1,38
BRDA:46,9,0,1
BRDA:46,9,1,0
BRF:21
BRH:16
end_of_record
TN:
SF:server/middleware/maintenance.js
FN:9,(anonymous_0)
FN:13,(anonymous_1)
FNF:2
FNH:2
FNDA:2,(anonymous_0)
FNDA:70,(anonymous_1)
DA:5,1
DA:6,1
DA:7,1
DA:9,1
DA:10,2
DA:13,1
DA:14,70
DA:15,70
DA:16,70
DA:18,70
DA:19,4
DA:20,4
DA:21,4
DA:22,4
DA:25,70
DA:27,3
DA:28,3
DA:29,3
DA:30,3
DA:31,3
DA:32,3
DA:34,3
DA:36,2
DA:43,1
DA:49,67
DA:51,0
DA:52,0
LF:27
LH:25
BRDA:18,0,0,4
BRDA:18,0,1,66
BRDA:20,1,0,2
BRDA:20,1,1,2
BRDA:25,2,0,3
BRDA:25,2,1,67
BRDA:28,3,0,3
BRDA:28,3,1,0
BRDA:28,4,0,3
BRDA:28,4,1,3
BRDA:31,5,0,3
BRDA:31,5,1,3
BRDA:34,6,0,2
BRDA:34,6,1,1
BRDA:34,7,0,3
BRDA:34,7,1,3
BRDA:34,7,2,2
BRF:17
BRH:16
end_of_record
TN:
SF:server/middleware/tenant.js
FN:1,(anonymous_0)
FNF:1
FNH:1
FNDA:20,(anonymous_0)
DA:1,1
DA:2,20
DA:3,0
DA:7,20
DA:8,0
DA:9,0
DA:10,0
DA:12,0
DA:16,20
DA:17,8
DA:18,8
DA:19,7
DA:21,8
DA:25,12
DA:26,12
DA:27,0
DA:31,12
DA:34,12
DA:35,12
DA:36,1
DA:41,11
LF:21
LH:15
BRDA:2,0,0,0
BRDA:2,0,1,20
BRDA:7,1,0,0
BRDA:7,1,1,20
BRDA:8,2,0,0
BRDA:8,2,1,0
BRDA:8,2,2,0
BRDA:9,3,0,0
BRDA:9,3,1,0
BRDA:16,4,0,8
BRDA:16,4,1,12
BRDA:17,5,0,8
BRDA:17,5,1,8
BRDA:17,5,2,1
BRDA:18,6,0,7
BRDA:18,6,1,1
BRDA:26,7,0,0
BRDA:26,7,1,12
BRDA:34,8,0,12
BRDA:34,8,1,10
BRDA:34,8,2,10
BRDA:35,9,0,1
BRDA:35,9,1,11
BRDA:35,10,0,12
BRDA:35,10,1,3
BRF:25
BRH:17
end_of_record
TN:
SF:server/models/Appointment.js
FNF:0
FNH:0
DA:3,1
DA:48,1
DA:49,1
DA:50,1
DA:52,1
LF:5
LH:5
BRF:0
BRH:0
end_of_record
TN:
SF:server/models/Clinic.js
FNF:0
FNH:0
DA:3,1
DA:57,1
DA:59,1
LF:3
LH:3
BRF:0
BRH:0
end_of_record
TN:
SF:server/models/Notification.js
FNF:0
FNH:0
DA:3,1
DA:34,1
DA:36,1
LF:3
LH:3
BRF:0
BRH:0
end_of_record
TN:
SF:server/models/Schedule.js
FNF:0
FNH:0
DA:3,1
DA:14,1
DA:24,1
DA:39,1
DA:50,1
DA:78,1
DA:79,1
DA:81,1
LF:8
LH:8
BRF:0
BRH:0
end_of_record
TN:
SF:server/models/SystemSetting.js
FNF:0
FNH:0
DA:3,1
DA:19,1
LF:2
LH:2
BRF:0
BRH:0
end_of_record
TN:
SF:server/models/User.js
FN:31,(anonymous_0)
FN:39,(anonymous_1)
FN:46,(anonymous_2)
FN:73,(anonymous_3)
FN:82,(anonymous_4)
FN:87,(anonymous_5)
FNF:6
FNH:6
FNDA:8,(anonymous_0)
FNDA:13,(anonymous_1)
FNDA:13,(anonymous_2)
FNDA:18,(anonymous_3)
FNDA:8,(anonymous_4)
FNDA:1,(anonymous_5)
DA:5,1
DA:32,8
DA:40,13
DA:47,13
DA:73,1
DA:74,18
DA:75,8
DA:77,18
DA:78,18
DA:82,1
DA:83,8
DA:87,1
DA:90,1
DA:93,1
DA:99,1
DA:101,1
DA:104,1
LF:17
LH:17
BRDA:74,0,0,8
BRDA:74,0,1,10
BRF:2
BRH:2
end_of_record
TN:
SF:server/routes/appointment.routes.js
FNF:0
FNH:0
DA:13,1
DA:15,1
DA:19,1
DA:22,1
DA:25,1
DA:28,1
LF:6
LH:6
BRF:0
BRH:0
end_of_record
TN:
SF:server/routes/auth.routes.js
FNF:0
FNH:0
DA:19,1
DA:21,1
DA:22,1
DA:23,1
DA:24,1
DA:25,1
DA:26,1
DA:27,1
DA:30,1
DA:31,1
DA:32,1
DA:35,1
DA:36,1
DA:37,1
LF:14
LH:14
BRF:0
BRH:0
end_of_record
TN:
SF:server/routes/clinic.routes.js
FNF:0
FNH:0
DA:14,1
DA:16,1
DA:20,1
DA:21,1
DA:22,1
DA:24,1
DA:27,1
DA:30,1
LF:8
LH:8
BRF:0
BRH:0
end_of_record
TN:
SF:server/routes/notification.routes.js
FNF:0
FNH:0
DA:5,1
DA:7,1
DA:10,1
LF:3
LH:3
BRF:0
BRH:0
end_of_record
TN:
SF:server/routes/schedule.routes.js
FNF:0
FNH:0
DA:9,1
DA:11,1
DA:15,1
LF:3
LH:3
BRF:0
BRH:0
end_of_record
TN:
SF:server/routes/setting.routes.js
FNF:0
FNH:0
DA:8,1
DA:10,1
LF:2
LH:2
BRF:0
BRH:0
end_of_record
TN:
SF:server/routes/user.routes.js
FNF:0
FNH:0
DA:12,1
DA:14,1
DA:18,1
DA:21,1
DA:24,1
LF:5
LH:5
BRF:0
BRH:0
end_of_record
TN:
SF:server/utils/mailer.js
FN:2,(anonymous_0)
FN:11,(anonymous_1)
FNF:2
FNH:2
FNDA:9,(anonymous_0)
FNDA:4,(anonymous_1)
DA:2,1
DA:3,9
DA:4,9
DA:5,9
DA:6,9
DA:7,9
DA:8,9
DA:11,1
DA:12,4
DA:13,4
DA:14,4
DA:15,4
DA:17,4
DA:18,4
DA:20,4
DA:21,3
DA:22,3
DA:30,1
DA:31,0
DA:32,0
DA:37,1
DA:38,1
DA:39,1
DA:49,4
DA:52,4
DA:53,4
DA:59,4
LF:27
LH:25
BRDA:11,0,0,0
BRDA:20,1,0,3
BRDA:20,1,1,1
BRDA:30,2,0,0
BRDA:30,2,1,1
BRDA:37,3,0,1
BRDA:37,3,1,0
BRF:7
BRH:4
end_of_record
